<?xml version="1.0" encoding="UTF-8"?>
<testsuite
	name="com.ceiba.parqueadero069.Integracion.VigilanteParquederoTest"
	tests="8" skipped="0" failures="0" errors="0"
	timestamp="2018-05-16T14:33:02" hostname="JUAN-QUINONES" time="0.966">
	<properties />
	<testcase name="ingresarMotoPlacaIniciaADomingo"
		classname="com.ceiba.parqueadero069.Integracion.VigilanteParquederoTest"
		time="0.647" />
	<testcase name="ingresarMotoCilinidrajeMas500"
		classname="com.ceiba.parqueadero069.Integracion.VigilanteParquederoTest"
		time="0.025" />
	<testcase name="retirarCarro"
		classname="com.ceiba.parqueadero069.Integracion.VigilanteParquederoTest"
		time="0.09" />
	<testcase name="retirarMoto10HorasCilindraje650"
		classname="com.ceiba.parqueadero069.Integracion.VigilanteParquederoTest"
		time="0.055" />
	<testcase name="ingresarCarroPlacaIniciaAunDomingo"
		classname="com.ceiba.parqueadero069.Integracion.VigilanteParquederoTest"
		time="0.038" />
	<testcase name="ingresarCarro"
		classname="com.ceiba.parqueadero069.Integracion.VigilanteParquederoTest"
		time="0.019" />
	<testcase name="ingresarMoto"
		classname="com.ceiba.parqueadero069.Integracion.VigilanteParquederoTest"
		time="0.019" />
	<testcase name="retirarCarro1Dia3Horas"
		classname="com.ceiba.parqueadero069.Integracion.VigilanteParquederoTest"
		time="0.043" />
	<system-out><![CDATA[09:32:46.785 [Test worker] DEBUG org.springframework.test.context.junit4.SpringJUnit4ClassRunner - SpringJUnit4ClassRunner constructor called with [class com.ceiba.parqueadero069.Integracion.VigilanteParquederoTest]
09:32:46.811 [Test worker] DEBUG org.springframework.test.context.BootstrapUtils - Instantiating CacheAwareContextLoaderDelegate from class [org.springframework.test.context.cache.DefaultCacheAwareContextLoaderDelegate]
09:32:46.858 [Test worker] DEBUG org.springframework.test.context.BootstrapUtils - Instantiating BootstrapContext using constructor [public org.springframework.test.context.support.DefaultBootstrapContext(java.lang.Class,org.springframework.test.context.CacheAwareContextLoaderDelegate)]
09:32:46.934 [Test worker] DEBUG org.springframework.test.context.BootstrapUtils - Instantiating TestContextBootstrapper for test class [com.ceiba.parqueadero069.Integracion.VigilanteParquederoTest] from class [org.springframework.boot.test.context.SpringBootTestContextBootstrapper]
09:32:46.994 [Test worker] INFO org.springframework.boot.test.context.SpringBootTestContextBootstrapper - Neither @ContextConfiguration nor @ContextHierarchy found for test class [com.ceiba.parqueadero069.Integracion.VigilanteParquederoTest], using SpringBootContextLoader
09:32:47.005 [Test worker] DEBUG org.springframework.test.context.support.AbstractContextLoader - Did not detect default resource location for test class [com.ceiba.parqueadero069.Integracion.VigilanteParquederoTest]: class path resource [com/ceiba/parqueadero069/Integracion/VigilanteParquederoTest-context.xml] does not exist
09:32:47.006 [Test worker] DEBUG org.springframework.test.context.support.AbstractContextLoader - Did not detect default resource location for test class [com.ceiba.parqueadero069.Integracion.VigilanteParquederoTest]: class path resource [com/ceiba/parqueadero069/Integracion/VigilanteParquederoTestContext.groovy] does not exist
09:32:47.007 [Test worker] INFO org.springframework.test.context.support.AbstractContextLoader - Could not detect default resource locations for test class [com.ceiba.parqueadero069.Integracion.VigilanteParquederoTest]: no resource found for suffixes {-context.xml, Context.groovy}.
09:32:47.009 [Test worker] INFO org.springframework.test.context.support.AnnotationConfigContextLoaderUtils - Could not detect default configuration classes for test class [com.ceiba.parqueadero069.Integracion.VigilanteParquederoTest]: VigilanteParquederoTest does not declare any static, non-private, non-final, nested classes annotated with @Configuration.
09:32:47.214 [Test worker] DEBUG org.springframework.test.context.support.ActiveProfilesUtils - Could not find an 'annotation declaring class' for annotation type [org.springframework.test.context.ActiveProfiles] and class [com.ceiba.parqueadero069.Integracion.VigilanteParquederoTest]
09:32:47.267 [Test worker] DEBUG org.springframework.core.env.StandardEnvironment - Adding PropertySource 'systemProperties' with lowest search precedence
09:32:47.269 [Test worker] DEBUG org.springframework.core.env.StandardEnvironment - Adding PropertySource 'systemEnvironment' with lowest search precedence
09:32:47.270 [Test worker] DEBUG org.springframework.core.env.StandardEnvironment - Initialized StandardEnvironment with PropertySources [MapPropertySource@879420787 {name='systemProperties', properties={java.runtime.name=Java(TM) SE Runtime Environment, sun.boot.library.path=C:\Program Files\Java\jdk1.8.0_171\jre\bin, java.vm.version=25.171-b11, java.vm.vendor=Oracle Corporation, java.vendor.url=http://java.oracle.com/, path.separator=;, java.vm.name=Java HotSpot(TM) 64-Bit Server VM, file.encoding.pkg=sun.io, user.script=, sun.java.launcher=SUN_STANDARD, user.country=CO, sun.os.patch.level=, java.vm.specification.name=Java Virtual Machine Specification, user.dir=C:\Users\Ceiba\Documents\Proyectos\parquedaero069, java.runtime.version=1.8.0_171-b11, java.awt.graphicsenv=sun.awt.Win32GraphicsEnvironment, java.endorsed.dirs=C:\Program Files\Java\jdk1.8.0_171\jre\lib\endorsed, os.arch=amd64, java.io.tmpdir=C:\Users\Ceiba\AppData\Local\Temp\, line.separator=
, java.vm.specification.vendor=Oracle Corporation, user.variant=, os.name=Windows 10, sun.jnu.encoding=Cp1252, java.library.path=C:\Program Files\Java\jdk1.8.0_171\bin;C:\Windows\Sun\Java\bin;C:\Windows\system32;C:\Windows;C:/Program Files/Java/jre1.8.0_171/bin/server;C:/Program Files/Java/jre1.8.0_171/bin;C:/Program Files/Java/jre1.8.0_171/lib/amd64;C:\Program Files (x86)\Intel\iCLS Client\;C:\Program Files\Intel\iCLS Client\;C:\Program Files (x86)\Common Files\Oracle\Java\javapath;C:\Oracle\product\11.1.0\client_1\bin;C:\Program Files\CollabNet\Subversion Client;C:\Windows\system32;C:\Windows;C:\Windows\System32\Wbem;C:\Windows\System32\WindowsPowerShell\v1.0\;C:\Windows\System32\OpenSSH\;C:\Program Files\TortoiseSVN\bin;C:\Program Files\Git\cmd;C:\Program Files (x86)\Intel\Intel(R) Management Engine Components\DAL;C:\Program Files\Intel\Intel(R) Management Engine Components\DAL;C:\Program Files (x86)\Intel\Intel(R) Management Engine Components\IPT;C:\Program Files\Intel\Intel(R) Management Engine Components\IPT;C:\Program Files (x86)\ATI Technologies\ATI.ACE\Core-Static;C:\Users\Ceiba\AppData\Local\Microsoft\WindowsApps;;C:\Users\Ceiba\Documents\eclipse;;., java.specification.name=Java Platform API Specification, java.class.version=52.0, org.gradle.native=false, sun.management.compiler=HotSpot 64-Bit Tiered Compilers, os.version=10.0, user.home=C:\Users\Ceiba, user.timezone=America/Bogota, java.awt.printerjob=sun.awt.windows.WPrinterJob, file.encoding=windows-1252, java.specification.version=1.8, java.class.path=C:\Users\Ceiba\Documents\Proyectos\parquedaero069\build\classes\java\test;C:\Users\Ceiba\Documents\Proyectos\parquedaero069\build\resources\test;C:\Users\Ceiba\Documents\Proyectos\parquedaero069\build\classes\java\main;C:\Users\Ceiba\Documents\Proyectos\parquedaero069\build\resources\main;C:\Users\Ceiba\.gradle\caches\modules-2\files-2.1\org.apache.commons\commons-math3\3.6.1\e4ba98f1d4b3c80ec46392f25e094a6a2e58fcbf\commons-math3-3.6.1.jar;C:\Users\Ceiba\.gradle\caches\modules-2\files-2.1\org.springframework.boot\spring-boot-starter-data-jpa\2.0.1.RELEASE\b7c701f60073e2d2b8a8f5502dcc39d4f65f45ff\spring-boot-starter-data-jpa-2.0.1.RELEASE.jar;C:\Users\Ceiba\.gradle\caches\modules-2\files-2.1\org.springframework.boot\spring-boot-starter-thymeleaf\2.0.1.RELEASE\3fae511b6291f4b6d4d391007327946961fada55\spring-boot-starter-thymeleaf-2.0.1.RELEASE.jar;C:\Users\Ceiba\.gradle\caches\modules-2\files-2.1\org.springframework.boot\spring-boot-starter-web\2.0.1.RELEASE\88751ed76791d12425ce5a80476baf1749a44cf4\spring-boot-starter-web-2.0.1.RELEASE.jar;C:\Users\Ceiba\.gradle\caches\modules-2\files-2.1\org.json\json\20171018\36ced462c97f0845b4a7b266a25cebe95d18baa3\json-20171018.jar;C:\Users\Ceiba\.gradle\caches\modules-2\files-2.1\com.google.guava\guava\23.0\c947004bb13d18182be60077ade044099e4f26f1\guava-23.0.jar;C:\Users\Ceiba\.gradle\caches\modules-2\files-2.1\com.h2database\h2\1.4.197\bb391050048ca8ae3e32451b5a3714ecd3596a46\h2-1.4.197.jar;C:\Users\Ceiba\.gradle\caches\modules-2\files-2.1\org.springframework.boot\spring-boot-starter-test\2.0.1.RELEASE\d6204ede44fa7e1df01d25509837bfa4b767fa28\spring-boot-starter-test-2.0.1.RELEASE.jar;C:\Users\Ceiba\.gradle\caches\modules-2\files-2.1\org.mockito\mockito-core\2.18.3\98aa130476c5d1915dac35b5ad053a7ffcd675bc\mockito-core-2.18.3.jar;C:\Users\Ceiba\.gradle\caches\modules-2\files-2.1\junit\junit\4.12\2973d150c0dc1fefe998f834810d68f278ea58ec\junit-4.12.jar;C:\Users\Ceiba\.gradle\caches\modules-2\files-2.1\org.springframework.boot\spring-boot-starter-aop\2.0.1.RELEASE\c7f7b5b5e63edca2fb04899d13d8bad83377b4b3\spring-boot-starter-aop-2.0.1.RELEASE.jar;C:\Users\Ceiba\.gradle\caches\modules-2\files-2.1\org.springframework.boot\spring-boot-starter-jdbc\2.0.1.RELEASE\a22a7ac74388118938bfcd894318cd0c5a7c380b\spring-boot-starter-jdbc-2.0.1.RELEASE.jar;C:\Users\Ceiba\.gradle\caches\modules-2\files-2.1\org.springframework.boot\spring-boot-starter-json\2.0.1.RELEASE\f2e1aeeb1ac02bfa1b4f7254633484af1866fc65\spring-boot-starter-json-2.0.1.RELEASE.jar;C:\Users\Ceiba\.gradle\caches\modules-2\files-2.1\org.springframework.boot\spring-boot-starter\2.0.1.RELEASE\33abc1286b0aabea4f08ff4285d09e587835a716\spring-boot-starter-2.0.1.RELEASE.jar;C:\Users\Ceiba\.gradle\caches\modules-2\files-2.1\org.hibernate\hibernate-core\5.2.16.Final\c169565556721e21e9bdc193a3e8e25160a45468\hibernate-core-5.2.16.Final.jar;C:\Users\Ceiba\.gradle\caches\modules-2\files-2.1\javax.transaction\javax.transaction-api\1.2\d81aff979d603edd90dcd8db2abc1f4ce6479e3e\javax.transaction-api-1.2.jar;C:\Users\Ceiba\.gradle\caches\modules-2\files-2.1\org.springframework.data\spring-data-jpa\2.0.6.RELEASE\2c683dfbd06551bfd6cc7e05f9d13f5c54c79ba\spring-data-jpa-2.0.6.RELEASE.jar;C:\Users\Ceiba\.gradle\caches\modules-2\files-2.1\org.springframework\spring-aspects\5.0.5.RELEASE\34994566374425cfdf82634720b010ed20be512d\spring-aspects-5.0.5.RELEASE.jar;C:\Users\Ceiba\.gradle\caches\modules-2\files-2.1\org.thymeleaf\thymeleaf-spring5\3.0.9.RELEASE\abf84efd83808a70d982d2790f7f3a7bd3a39cf4\thymeleaf-spring5-3.0.9.RELEASE.jar;C:\Users\Ceiba\.gradle\caches\modules-2\files-2.1\org.thymeleaf.extras\thymeleaf-extras-java8time\3.0.1.RELEASE\d23760d1e53cd70c489ef40dc94ee6bd2371cceb\thymeleaf-extras-java8time-3.0.1.RELEASE.jar;C:\Users\Ceiba\.gradle\caches\modules-2\files-2.1\org.springframework.boot\spring-boot-starter-tomcat\2.0.1.RELEASE\4b46f4aaff6c8a5a1c8184996d5e9e8a9354db8d\spring-boot-starter-tomcat-2.0.1.RELEASE.jar;C:\Users\Ceiba\.gradle\caches\modules-2\files-2.1\org.hibernate.validator\hibernate-validator\6.0.9.Final\b149e4cce82379f11f6129eb3187ca8ae5404005\hibernate-validator-6.0.9.Final.jar;C:\Users\Ceiba\.gradle\caches\modules-2\files-2.1\org.springframework\spring-webmvc\5.0.5.RELEASE\a7fd53c7ad06b0fa7dd4ff347de1b2dc508739e\spring-webmvc-5.0.5.RELEASE.jar;C:\Users\Ceiba\.gradle\caches\modules-2\files-2.1\org.springframework\spring-web\5.0.5.RELEASE\d51dbb5cabe72ae02e400577bac48f7fc94088de\spring-web-5.0.5.RELEASE.jar;C:\Users\Ceiba\.gradle\caches\modules-2\files-2.1\com.google.code.findbugs\jsr305\1.3.9\40719ea6961c0cb6afaeb6a921eaa1f6afd4cfdf\jsr305-1.3.9.jar;C:\Users\Ceiba\.gradle\caches\modules-2\files-2.1\com.google.errorprone\error_prone_annotations\2.0.18\5f65affce1684999e2f4024983835efc3504012e\error_prone_annotations-2.0.18.jar;C:\Users\Ceiba\.gradle\caches\modules-2\files-2.1\com.google.j2objc\j2objc-annotations\1.1\ed28ded51a8b1c6b112568def5f4b455e6809019\j2objc-annotations-1.1.jar;C:\Users\Ceiba\.gradle\caches\modules-2\files-2.1\org.codehaus.mojo\animal-sniffer-annotations\1.14\775b7e22fb10026eed3f86e8dc556dfafe35f2d5\animal-sniffer-annotations-1.14.jar;C:\Users\Ceiba\.gradle\caches\modules-2\files-2.1\org.springframework.boot\spring-boot-test-autoconfigure\2.0.1.RELEASE\c7a68c07f2a04323a67740f91d20818ec2e783b3\spring-boot-test-autoconfigure-2.0.1.RELEASE.jar;C:\Users\Ceiba\.gradle\caches\modules-2\files-2.1\org.springframework.boot\spring-boot-test\2.0.1.RELEASE\77cede07b0e9da6c87d0dabcfe3e53ac56747d73\spring-boot-test-2.0.1.RELEASE.jar;C:\Users\Ceiba\.gradle\caches\modules-2\files-2.1\com.jayway.jsonpath\json-path\2.4.0\765a4401ceb2dc8d40553c2075eb80a8fa35c2ae\json-path-2.4.0.jar;C:\Users\Ceiba\.gradle\caches\modules-2\files-2.1\org.assertj\assertj-core\3.9.1\c5ce126b15f28d56cd8f960c1a6a058b9c9aea87\assertj-core-3.9.1.jar;C:\Users\Ceiba\.gradle\caches\modules-2\files-2.1\org.hamcrest\hamcrest-library\1.3\4785a3c21320980282f9f33d0d1264a69040538f\hamcrest-library-1.3.jar;C:\Users\Ceiba\.gradle\caches\modules-2\files-2.1\org.hamcrest\hamcrest-core\1.3\42a25dc3219429f0e5d060061f71acb49bf010a0\hamcrest-core-1.3.jar;C:\Users\Ceiba\.gradle\caches\modules-2\files-2.1\org.skyscreamer\jsonassert\1.5.0\6c9d5fe2f59da598d9aefc1cfc6528ff3cf32df3\jsonassert-1.5.0.jar;C:\Users\Ceiba\.gradle\caches\modules-2\files-2.1\org.springframework\spring-test\5.0.5.RELEASE\f7e3b83447e54056a91de1294ae6888343648dff\spring-test-5.0.5.RELEASE.jar;C:\Users\Ceiba\.gradle\caches\modules-2\files-2.1\org.springframework.boot\spring-boot-autoconfigure\2.0.1.RELEASE\b0bf9d34ed70c6987a86cd58a009065e5fa02545\spring-boot-autoconfigure-2.0.1.RELEASE.jar;C:\Users\Ceiba\.gradle\caches\modules-2\files-2.1\org.springframework.boot\spring-boot\2.0.1.RELEASE\b8c5b14cbb0e52fdded8f98a8c1493cc74c7cf59\spring-boot-2.0.1.RELEASE.jar;C:\Users\Ceiba\.gradle\caches\modules-2\files-2.1\org.springframework\spring-orm\5.0.5.RELEASE\6734f5ef4c2ebf1d00021fd4b314138f10792174\spring-orm-5.0.5.RELEASE.jar;C:\Users\Ceiba\.gradle\caches\modules-2\files-2.1\org.springframework\spring-jdbc\5.0.5.RELEASE\456bc4d2281c37aa2f2206651a3048a1d3559d2a\spring-jdbc-5.0.5.RELEASE.jar;C:\Users\Ceiba\.gradle\caches\modules-2\files-2.1\org.springframework.data\spring-data-commons\2.0.6.RELEASE\4d65fdcbe258961e866f4f85c87c13193bbfd18c\spring-data-commons-2.0.6.RELEASE.jar;C:\Users\Ceiba\.gradle\caches\modules-2\files-2.1\org.springframework\spring-context\5.0.5.RELEASE\9cca4bf5acb693249a01c218f471c677b951d6e2\spring-context-5.0.5.RELEASE.jar;C:\Users\Ceiba\.gradle\caches\modules-2\files-2.1\org.springframework\spring-tx\5.0.5.RELEASE\b772fbba533da282adc89f33e2619ee8a8bba601\spring-tx-5.0.5.RELEASE.jar;C:\Users\Ceiba\.gradle\caches\modules-2\files-2.1\org.springframework\spring-aop\5.0.5.RELEASE\b11b61b94d7fb752a1c9bf3461d655c3084fae47\spring-aop-5.0.5.RELEASE.jar;C:\Users\Ceiba\.gradle\caches\modules-2\files-2.1\org.springframework\spring-beans\5.0.5.RELEASE\984445863c0bbdaaf860615762d998b471a6bf92\spring-beans-5.0.5.RELEASE.jar;C:\Users\Ceiba\.gradle\caches\modules-2\files-2.1\org.springframework\spring-expression\5.0.5.RELEASE\fc6c7a95aeb7d00f4c65c338b08d97767eb0dd99\spring-expression-5.0.5.RELEASE.jar;C:\Users\Ceiba\.gradle\caches\modules-2\files-2.1\org.springframework\spring-core\5.0.5.RELEASE\1bd9feb1d9dac6accd27f5244b6c47cfcb55045c\spring-core-5.0.5.RELEASE.jar;C:\Users\Ceiba\.gradle\caches\modules-2\files-2.1\org.xmlunit\xmlunit-core\2.5.1\4ffdb346572a7356f7521cd3119ce5287d2e339d\xmlunit-core-2.5.1.jar;C:\Users\Ceiba\.gradle\caches\modules-2\files-2.1\net.bytebuddy\byte-buddy\1.7.11\f02857a4e2c66ccbe7aaad6100a0a6c461bce9b3\byte-buddy-1.7.11.jar;C:\Users\Ceiba\.gradle\caches\modules-2\files-2.1\net.bytebuddy\byte-buddy-agent\1.7.11\b425a8933ca07edd03c6dbc8bc3b595fba9780de\byte-buddy-agent-1.7.11.jar;C:\Users\Ceiba\.gradle\caches\modules-2\files-2.1\org.objenesis\objenesis\2.6\639033469776fd37c08358c6b92a4761feb2af4b\objenesis-2.6.jar;C:\Users\Ceiba\.gradle\caches\modules-2\files-2.1\org.springframework.boot\spring-boot-starter-logging\2.0.1.RELEASE\10681a28c95e9f9c0159327a1ed0c860517c7ad7\spring-boot-starter-logging-2.0.1.RELEASE.jar;C:\Users\Ceiba\.gradle\caches\modules-2\files-2.1\javax.annotation\javax.annotation-api\1.3.2\934c04d3cfef185a8008e7bf34331b79730a9d43\javax.annotation-api-1.3.2.jar;C:\Users\Ceiba\.gradle\caches\modules-2\files-2.1\org.yaml\snakeyaml\1.19\2d998d3d674b172a588e54ab619854d073f555b5\snakeyaml-1.19.jar;C:\Users\Ceiba\.gradle\caches\modules-2\files-2.1\org.aspectj\aspectjweaver\1.8.13\ad94df2a28d658a40dc27bbaff6a1ce5fbf04e9b\aspectjweaver-1.8.13.jar;C:\Users\Ceiba\.gradle\caches\modules-2\files-2.1\com.zaxxer\HikariCP\2.7.8\4a3a604fa2efa89621aa498d04e000b2bed90c39\HikariCP-2.7.8.jar;C:\Users\Ceiba\.gradle\caches\modules-2\files-2.1\org.hibernate.common\hibernate-commons-annotations\5.0.1.Final\71e1cff3fcb20d3b3af4f3363c3ddb24d33c6879\hibernate-commons-annotations-5.0.1.Final.jar;C:\Users\Ceiba\.gradle\caches\modules-2\files-2.1\org.jboss.logging\jboss-logging\3.3.2.Final\3789d00e859632e6c6206adc0c71625559e6e3b0\jboss-logging-3.3.2.Final.jar;C:\Users\Ceiba\.gradle\caches\modules-2\files-2.1\org.hibernate.javax.persistence\hibernate-jpa-2.1-api\1.0.0.Final\5e731d961297e5a07290bfaf3db1fbc8bbbf405a\hibernate-jpa-2.1-api-1.0.0.Final.jar;C:\Users\Ceiba\.gradle\caches\modules-2\files-2.1\org.javassist\javassist\3.22.0-GA\3e83394258ae2089be7219b971ec21a8288528ad\javassist-3.22.0-GA.jar;C:\Users\Ceiba\.gradle\caches\modules-2\files-2.1\antlr\antlr\2.7.7\83cd2cd674a217ade95a4bb83a8a14f351f48bd0\antlr-2.7.7.jar;C:\Users\Ceiba\.gradle\caches\modules-2\files-2.1\org.jboss\jandex\2.0.3.Final\bfc4d6257dbff7a33a357f0de116be6ff951d849\jandex-2.0.3.Final.jar;C:\Users\Ceiba\.gradle\caches\modules-2\files-2.1\com.fasterxml\classmate\1.3.4\3d5f48f10bbe4eb7bd862f10c0583be2e0053c6\classmate-1.3.4.jar;C:\Users\Ceiba\.gradle\caches\modules-2\files-2.1\dom4j\dom4j\1.6.1\5d3ccc056b6f056dbf0dddfdf43894b9065a8f94\dom4j-1.6.1.jar;C:\Users\Ceiba\.gradle\caches\modules-2\files-2.1\org.thymeleaf\thymeleaf\3.0.9.RELEASE\64185cca50ac808ad034841c84b4013f955465d2\thymeleaf-3.0.9.RELEASE.jar;C:\Users\Ceiba\.gradle\caches\modules-2\files-2.1\ch.qos.logback\logback-classic\1.2.3\7c4f3c474fb2c041d8028740440937705ebb473a\logback-classic-1.2.3.jar;C:\Users\Ceiba\.gradle\caches\modules-2\files-2.1\org.apache.logging.log4j\log4j-to-slf4j\2.10.0\f7e631ccf49cfc0aefa4a2a728da7d374c05bd3c\log4j-to-slf4j-2.10.0.jar;C:\Users\Ceiba\.gradle\caches\modules-2\files-2.1\org.slf4j\jul-to-slf4j\1.7.25\af5364cd6679bfffb114f0dec8a157aaa283b76\jul-to-slf4j-1.7.25.jar;C:\Users\Ceiba\.gradle\caches\modules-2\files-2.1\org.slf4j\slf4j-api\1.7.25\da76ca59f6a57ee3102f8f9bd9cee742973efa8a\slf4j-api-1.7.25.jar;C:\Users\Ceiba\.gradle\caches\modules-2\files-2.1\com.fasterxml.jackson.datatype\jackson-datatype-jdk8\2.9.5\23e37f085279ba316c0df923513b81609e1d1f6\jackson-datatype-jdk8-2.9.5.jar;C:\Users\Ceiba\.gradle\caches\modules-2\files-2.1\com.fasterxml.jackson.datatype\jackson-datatype-jsr310\2.9.5\d1f0d11e816bc04e222a261106ca138801841c2d\jackson-datatype-jsr310-2.9.5.jar;C:\Users\Ceiba\.gradle\caches\modules-2\files-2.1\com.fasterxml.jackson.module\jackson-module-parameter-names\2.9.5\f824c60751ffb7bfc3a0d30dfe0e42317d8e67f5\jackson-module-parameter-names-2.9.5.jar;C:\Users\Ceiba\.gradle\caches\modules-2\files-2.1\com.fasterxml.jackson.core\jackson-databind\2.9.5\3490508379d065fe3fcb80042b62f630f7588606\jackson-databind-2.9.5.jar;C:\Users\Ceiba\.gradle\caches\modules-2\files-2.1\org.apache.tomcat.embed\tomcat-embed-websocket\8.5.29\37786f4ca8a1597a91a0f437e659a76d1fcc5bf1\tomcat-embed-websocket-8.5.29.jar;C:\Users\Ceiba\.gradle\caches\modules-2\files-2.1\org.apache.tomcat.embed\tomcat-embed-core\8.5.29\51eac5adde4bc019261b787cb99e5548206908e6\tomcat-embed-core-8.5.29.jar;C:\Users\Ceiba\.gradle\caches\modules-2\files-2.1\org.apache.tomcat.embed\tomcat-embed-el\8.5.29\893fb2c87ec1aa248a7911d76c0c06b3fca6bc9b\tomcat-embed-el-8.5.29.jar;C:\Users\Ceiba\.gradle\caches\modules-2\files-2.1\javax.validation\validation-api\2.0.1.Final\cb855558e6271b1b32e716d24cb85c7f583ce09e\validation-api-2.0.1.Final.jar;C:\Users\Ceiba\.gradle\caches\modules-2\files-2.1\net.minidev\json-smart\2.3\7396407491352ce4fa30de92efb158adb76b5b\json-smart-2.3.jar;C:\Users\Ceiba\.gradle\caches\modules-2\files-2.1\com.vaadin.external.google\android-json\0.0.20131108.vaadin1\fa26d351fe62a6a17f5cda1287c1c6110dec413f\android-json-0.0.20131108.vaadin1.jar;C:\Users\Ceiba\.gradle\caches\modules-2\files-2.1\org.springframework\spring-jcl\5.0.5.RELEASE\f4a2854b9d865e8b86717595aec16f877f8c6489\spring-jcl-5.0.5.RELEASE.jar;C:\Users\Ceiba\.gradle\caches\modules-2\files-2.1\org.attoparser\attoparser\2.0.4.RELEASE\5cf02c4d8303a81f0c80971bb1dcd40d3ba96009\attoparser-2.0.4.RELEASE.jar;C:\Users\Ceiba\.gradle\caches\modules-2\files-2.1\org.unbescape\unbescape\1.1.5.RELEASE\46dc644ea9c234317d926ebac5bf5d8f114dc1ba\unbescape-1.1.5.RELEASE.jar;C:\Users\Ceiba\.gradle\caches\modules-2\files-2.1\com.fasterxml.jackson.core\jackson-annotations\2.9.0\7c10d545325e3a6e72e06381afe469fd40eb701\jackson-annotations-2.9.0.jar;C:\Users\Ceiba\.gradle\caches\modules-2\files-2.1\com.fasterxml.jackson.core\jackson-core\2.9.5\a22ac51016944b06fd9ffbc9541c6e7ce5eea117\jackson-core-2.9.5.jar;C:\Users\Ceiba\.gradle\caches\modules-2\files-2.1\net.minidev\accessors-smart\1.2\c592b500269bfde36096641b01238a8350f8aa31\accessors-smart-1.2.jar;C:\Users\Ceiba\.gradle\caches\modules-2\files-2.1\ch.qos.logback\logback-core\1.2.3\864344400c3d4d92dfeb0a305dc87d953677c03c\logback-core-1.2.3.jar;C:\Users\Ceiba\.gradle\caches\modules-2\files-2.1\org.apache.logging.log4j\log4j-api\2.10.0\fec5797a55b786184a537abd39c3fa1449d752d6\log4j-api-2.10.0.jar;C:\Users\Ceiba\.gradle\caches\modules-2\files-2.1\org.ow2.asm\asm\5.0.4\da08b8cce7bbf903602a25a3a163ae252435795\asm-5.0.4.jar, user.name=Ceiba, java.vm.specification.version=1.8, sun.java.command=worker.org.gradle.process.internal.worker.GradleWorkerMain 'Gradle Test Executor 1', java.home=C:\Program Files\Java\jdk1.8.0_171\jre, sun.arch.data.model=64, user.language=es, java.specification.vendor=Oracle Corporation, awt.toolkit=sun.awt.windows.WToolkit, java.vm.info=mixed mode, java.version=1.8.0_171, java.ext.dirs=C:\Program Files\Java\jdk1.8.0_171\jre\lib\ext;C:\Windows\Sun\Java\lib\ext, sun.boot.class.path=C:\Program Files\Java\jdk1.8.0_171\jre\lib\resources.jar;C:\Program Files\Java\jdk1.8.0_171\jre\lib\rt.jar;C:\Program Files\Java\jdk1.8.0_171\jre\lib\sunrsasign.jar;C:\Program Files\Java\jdk1.8.0_171\jre\lib\jsse.jar;C:\Program Files\Java\jdk1.8.0_171\jre\lib\jce.jar;C:\Program Files\Java\jdk1.8.0_171\jre\lib\charsets.jar;C:\Program Files\Java\jdk1.8.0_171\jre\lib\jfr.jar;C:\Program Files\Java\jdk1.8.0_171\jre\classes, java.vendor=Oracle Corporation, org.gradle.test.worker=1, file.separator=\, java.vendor.url.bug=http://bugreport.sun.com/bugreport/, sun.io.unicode.encoding=UnicodeLittle, sun.cpu.endian=little, sun.desktop=windows, sun.cpu.isalist=amd64}}, SystemEnvironmentPropertySource@923725475 {name='systemEnvironment', properties={USERDOMAIN_ROAMINGPROFILE=JUAN-QUINONES, LOCALAPPDATA=C:\Users\Ceiba\AppData\Local, PROCESSOR_LEVEL=6, USERDOMAIN=JUAN-QUINONES, FPS_BROWSER_APP_PROFILE_STRING=Internet Explorer, LOGONSERVER=\\JUAN-QUINONES, SESSIONNAME=Console, ALLUSERSPROFILE=C:\ProgramData, PROCESSOR_ARCHITECTURE=AMD64, PSModulePath=C:\Program Files\WindowsPowerShell\Modules;C:\Windows\system32\WindowsPowerShell\v1.0\Modules, SystemDrive=C:, OneDrive=C:\Users\Ceiba\OneDrive, APPDATA=C:\Users\Ceiba\AppData\Roaming, USERNAME=Ceiba, ProgramFiles(x86)=C:\Program Files (x86), CommonProgramFiles=C:\Program Files\Common Files, Path=C:/Program Files/Java/jre1.8.0_171/bin/server;C:/Program Files/Java/jre1.8.0_171/bin;C:/Program Files/Java/jre1.8.0_171/lib/amd64;C:\Program Files (x86)\Intel\iCLS Client\;C:\Program Files\Intel\iCLS Client\;C:\Program Files (x86)\Common Files\Oracle\Java\javapath;C:\Oracle\product\11.1.0\client_1\bin;C:\Program Files\CollabNet\Subversion Client;C:\Windows\system32;C:\Windows;C:\Windows\System32\Wbem;C:\Windows\System32\WindowsPowerShell\v1.0\;C:\Windows\System32\OpenSSH\;C:\Program Files\TortoiseSVN\bin;C:\Program Files\Git\cmd;C:\Program Files (x86)\Intel\Intel(R) Management Engine Components\DAL;C:\Program Files\Intel\Intel(R) Management Engine Components\DAL;C:\Program Files (x86)\Intel\Intel(R) Management Engine Components\IPT;C:\Program Files\Intel\Intel(R) Management Engine Components\IPT;C:\Program Files (x86)\ATI Technologies\ATI.ACE\Core-Static;C:\Users\Ceiba\AppData\Local\Microsoft\WindowsApps;;C:\Users\Ceiba\Documents\eclipse;, FPS_BROWSER_USER_PROFILE_STRING=Default, PATHEXT=.COM;.EXE;.BAT;.CMD;.VBS;.VBE;.JS;.JSE;.WSF;.WSH;.MSC, DriverData=C:\Windows\System32\Drivers\DriverData, OS=Windows_NT, COMPUTERNAME=JUAN-QUINONES, PROCESSOR_REVISION=3c03, CommonProgramW6432=C:\Program Files\Common Files, ComSpec=C:\Windows\system32\cmd.exe, ProgramData=C:\ProgramData, ProgramW6432=C:\Program Files, HOMEPATH=\Users\Ceiba, SystemRoot=C:\Windows, TEMP=C:\Users\Ceiba\AppData\Local\Temp, HOMEDRIVE=C:, PROCESSOR_IDENTIFIER=Intel64 Family 6 Model 60 Stepping 3, GenuineIntel, USERPROFILE=C:\Users\Ceiba, TMP=C:\Users\Ceiba\AppData\Local\Temp, CommonProgramFiles(x86)=C:\Program Files (x86)\Common Files, ProgramFiles=C:\Program Files, PUBLIC=C:\Users\Public, NUMBER_OF_PROCESSORS=4, windir=C:\Windows, =::=::\}}]
09:32:47.317 [Test worker] DEBUG org.springframework.core.io.support.PathMatchingResourcePatternResolver - Resolved classpath location [com/ceiba/parqueadero069/Integracion/] to resources [URL [file:/C:/Users/Ceiba/Documents/Proyectos/parquedaero069/build/classes/java/test/com/ceiba/parqueadero069/Integracion/]]
09:32:47.317 [Test worker] DEBUG org.springframework.core.io.support.PathMatchingResourcePatternResolver - Looking for matching resources in directory tree [C:\Users\Ceiba\Documents\Proyectos\parquedaero069\build\classes\java\test\com\ceiba\parqueadero069\Integracion]
09:32:47.319 [Test worker] DEBUG org.springframework.core.io.support.PathMatchingResourcePatternResolver - Searching directory [C:\Users\Ceiba\Documents\Proyectos\parquedaero069\build\classes\java\test\com\ceiba\parqueadero069\Integracion] for files matching pattern [C:/Users/Ceiba/Documents/Proyectos/parquedaero069/build/classes/java/test/com/ceiba/parqueadero069/Integracion/*.class]
09:32:47.328 [Test worker] DEBUG org.springframework.core.io.support.PathMatchingResourcePatternResolver - Resolved location pattern [classpath*:com/ceiba/parqueadero069/Integracion/*.class] to resources [file [C:\Users\Ceiba\Documents\Proyectos\parquedaero069\build\classes\java\test\com\ceiba\parqueadero069\Integracion\VigilanteParquederoTest.class]]
09:32:47.461 [Test worker] DEBUG org.springframework.core.io.support.PathMatchingResourcePatternResolver - Resolved classpath location [com/ceiba/parqueadero069/] to resources [URL [file:/C:/Users/Ceiba/Documents/Proyectos/parquedaero069/build/classes/java/test/com/ceiba/parqueadero069/], URL [file:/C:/Users/Ceiba/Documents/Proyectos/parquedaero069/build/classes/java/main/com/ceiba/parqueadero069/]]
09:32:47.462 [Test worker] DEBUG org.springframework.core.io.support.PathMatchingResourcePatternResolver - Looking for matching resources in directory tree [C:\Users\Ceiba\Documents\Proyectos\parquedaero069\build\classes\java\test\com\ceiba\parqueadero069]
09:32:47.465 [Test worker] DEBUG org.springframework.core.io.support.PathMatchingResourcePatternResolver - Searching directory [C:\Users\Ceiba\Documents\Proyectos\parquedaero069\build\classes\java\test\com\ceiba\parqueadero069] for files matching pattern [C:/Users/Ceiba/Documents/Proyectos/parquedaero069/build/classes/java/test/com/ceiba/parqueadero069/*.class]
09:32:47.469 [Test worker] DEBUG org.springframework.core.io.support.PathMatchingResourcePatternResolver - Looking for matching resources in directory tree [C:\Users\Ceiba\Documents\Proyectos\parquedaero069\build\classes\java\main\com\ceiba\parqueadero069]
09:32:47.470 [Test worker] DEBUG org.springframework.core.io.support.PathMatchingResourcePatternResolver - Searching directory [C:\Users\Ceiba\Documents\Proyectos\parquedaero069\build\classes\java\main\com\ceiba\parqueadero069] for files matching pattern [C:/Users/Ceiba/Documents/Proyectos/parquedaero069/build/classes/java/main/com/ceiba/parqueadero069/*.class]
09:32:47.474 [Test worker] DEBUG org.springframework.core.io.support.PathMatchingResourcePatternResolver - Resolved location pattern [classpath*:com/ceiba/parqueadero069/*.class] to resources [file [C:\Users\Ceiba\Documents\Proyectos\parquedaero069\build\classes\java\main\com\ceiba\parqueadero069\Parqueadero0699Application.class]]
09:32:47.590 [Test worker] DEBUG org.springframework.context.annotation.ClassPathScanningCandidateComponentProvider - Identified candidate component class: file [C:\Users\Ceiba\Documents\Proyectos\parquedaero069\build\classes\java\main\com\ceiba\parqueadero069\Parqueadero0699Application.class]
09:32:47.593 [Test worker] INFO org.springframework.boot.test.context.SpringBootTestContextBootstrapper - Found @SpringBootConfiguration com.ceiba.parqueadero069.Parqueadero0699Application for test class com.ceiba.parqueadero069.Integracion.VigilanteParquederoTest
09:32:48.078 [Test worker] DEBUG org.springframework.boot.test.context.SpringBootTestContextBootstrapper - @TestExecutionListeners is not present for class [com.ceiba.parqueadero069.Integracion.VigilanteParquederoTest]: using defaults.
09:32:48.081 [Test worker] INFO org.springframework.boot.test.context.SpringBootTestContextBootstrapper - Loaded default TestExecutionListener class names from location [META-INF/spring.factories]: [org.springframework.boot.test.autoconfigure.restdocs.RestDocsTestExecutionListener, org.springframework.boot.test.autoconfigure.web.client.MockRestServiceServerResetTestExecutionListener, org.springframework.boot.test.autoconfigure.web.servlet.MockMvcPrintOnlyOnFailureTestExecutionListener, org.springframework.boot.test.autoconfigure.web.servlet.WebDriverTestExecutionListener, org.springframework.boot.test.mock.mockito.MockitoTestExecutionListener, org.springframework.boot.test.mock.mockito.ResetMocksTestExecutionListener, org.springframework.test.context.web.ServletTestExecutionListener, org.springframework.test.context.support.DirtiesContextBeforeModesTestExecutionListener, org.springframework.test.context.support.DependencyInjectionTestExecutionListener, org.springframework.test.context.support.DirtiesContextTestExecutionListener, org.springframework.test.context.transaction.TransactionalTestExecutionListener, org.springframework.test.context.jdbc.SqlScriptsTestExecutionListener]
09:32:48.161 [Test worker] INFO org.springframework.boot.test.context.SpringBootTestContextBootstrapper - Using TestExecutionListeners: [org.springframework.test.context.web.ServletTestExecutionListener@51f528d1, org.springframework.test.context.support.DirtiesContextBeforeModesTestExecutionListener@293fabb6, org.springframework.boot.test.mock.mockito.MockitoTestExecutionListener@4c18aca3, org.springframework.boot.test.autoconfigure.SpringBootDependencyInjectionTestExecutionListener@24926005, org.springframework.test.context.support.DirtiesContextTestExecutionListener@5c5967e6, org.springframework.test.context.transaction.TransactionalTestExecutionListener@8ef05c0, org.springframework.test.context.jdbc.SqlScriptsTestExecutionListener@11bcdca, org.springframework.boot.test.autoconfigure.restdocs.RestDocsTestExecutionListener@36be07a4, org.springframework.boot.test.autoconfigure.web.client.MockRestServiceServerResetTestExecutionListener@21cf20c2, org.springframework.boot.test.autoconfigure.web.servlet.MockMvcPrintOnlyOnFailureTestExecutionListener@517ef03e, org.springframework.boot.test.autoconfigure.web.servlet.WebDriverTestExecutionListener@e540246, org.springframework.boot.test.mock.mockito.ResetMocksTestExecutionListener@4891b70f]
09:32:48.169 [Test worker] DEBUG org.springframework.test.annotation.ProfileValueUtils - Retrieved @ProfileValueSourceConfiguration [null] for test class [com.ceiba.parqueadero069.Integracion.VigilanteParquederoTest]
09:32:48.171 [Test worker] DEBUG org.springframework.test.annotation.ProfileValueUtils - Retrieved ProfileValueSource type [class org.springframework.test.annotation.SystemProfileValueSource] for class [com.ceiba.parqueadero069.Integracion.VigilanteParquederoTest]
09:32:48.173 [Test worker] DEBUG org.springframework.test.annotation.ProfileValueUtils - Retrieved @ProfileValueSourceConfiguration [null] for test class [com.ceiba.parqueadero069.Integracion.VigilanteParquederoTest]
09:32:48.174 [Test worker] DEBUG org.springframework.test.annotation.ProfileValueUtils - Retrieved ProfileValueSource type [class org.springframework.test.annotation.SystemProfileValueSource] for class [com.ceiba.parqueadero069.Integracion.VigilanteParquederoTest]
09:32:48.190 [Test worker] DEBUG org.springframework.test.context.support.AbstractDirtiesContextTestExecutionListener - Before test class: context [DefaultTestContext@176167ad testClass = VigilanteParquederoTest, testInstance = [null], testMethod = [null], testException = [null], mergedContextConfiguration = [WebMergedContextConfiguration@587280e testClass = VigilanteParquederoTest, locations = '{}', classes = '{class com.ceiba.parqueadero069.Parqueadero0699Application}', contextInitializerClasses = '[]', activeProfiles = '{}', propertySourceLocations = '{}', propertySourceProperties = '{org.springframework.boot.test.context.SpringBootTestContextBootstrapper=true}', contextCustomizers = set[org.springframework.boot.test.autoconfigure.properties.PropertyMappingContextCustomizer@0, org.springframework.boot.test.autoconfigure.web.servlet.WebDriverContextCustomizerFactory$Customizer@5e5109e1, org.springframework.boot.test.context.filter.ExcludeFilterContextCustomizer@bc232bb, org.springframework.boot.test.json.DuplicateJsonObjectContextCustomizerFactory$DuplicateJsonObjectContextCustomizer@3719d5c6, org.springframework.boot.test.mock.mockito.MockitoContextCustomizer@0, org.springframework.boot.test.web.client.TestRestTemplateContextCustomizer@3453d6b6], resourceBasePath = 'src/main/webapp', contextLoader = 'org.springframework.boot.test.context.SpringBootContextLoader', parent = [null]], attributes = map['org.springframework.test.context.web.ServletTestExecutionListener.activateListener' -> true]], class annotated with @DirtiesContext [false] with mode [null].
09:32:48.192 [Test worker] DEBUG org.springframework.test.annotation.ProfileValueUtils - Retrieved @ProfileValueSourceConfiguration [null] for test class [com.ceiba.parqueadero069.Integracion.VigilanteParquederoTest]
09:32:48.193 [Test worker] DEBUG org.springframework.test.annotation.ProfileValueUtils - Retrieved ProfileValueSource type [class org.springframework.test.annotation.SystemProfileValueSource] for class [com.ceiba.parqueadero069.Integracion.VigilanteParquederoTest]
09:32:48.275 [Test worker] DEBUG org.springframework.core.env.StandardEnvironment - Adding PropertySource 'systemProperties' with lowest search precedence
09:32:48.276 [Test worker] DEBUG org.springframework.core.env.StandardEnvironment - Adding PropertySource 'systemEnvironment' with lowest search precedence
09:32:48.277 [Test worker] DEBUG org.springframework.core.env.StandardEnvironment - Initialized StandardEnvironment with PropertySources [MapPropertySource@75991004 {name='systemProperties', properties={java.runtime.name=Java(TM) SE Runtime Environment, sun.boot.library.path=C:\Program Files\Java\jdk1.8.0_171\jre\bin, java.vm.version=25.171-b11, java.vm.vendor=Oracle Corporation, java.vendor.url=http://java.oracle.com/, path.separator=;, java.vm.name=Java HotSpot(TM) 64-Bit Server VM, file.encoding.pkg=sun.io, user.script=, sun.java.launcher=SUN_STANDARD, user.country=CO, sun.os.patch.level=, java.vm.specification.name=Java Virtual Machine Specification, user.dir=C:\Users\Ceiba\Documents\Proyectos\parquedaero069, java.runtime.version=1.8.0_171-b11, java.awt.graphicsenv=sun.awt.Win32GraphicsEnvironment, java.endorsed.dirs=C:\Program Files\Java\jdk1.8.0_171\jre\lib\endorsed, os.arch=amd64, java.io.tmpdir=C:\Users\Ceiba\AppData\Local\Temp\, line.separator=
, java.vm.specification.vendor=Oracle Corporation, user.variant=, os.name=Windows 10, sun.jnu.encoding=Cp1252, java.library.path=C:\Program Files\Java\jdk1.8.0_171\bin;C:\Windows\Sun\Java\bin;C:\Windows\system32;C:\Windows;C:/Program Files/Java/jre1.8.0_171/bin/server;C:/Program Files/Java/jre1.8.0_171/bin;C:/Program Files/Java/jre1.8.0_171/lib/amd64;C:\Program Files (x86)\Intel\iCLS Client\;C:\Program Files\Intel\iCLS Client\;C:\Program Files (x86)\Common Files\Oracle\Java\javapath;C:\Oracle\product\11.1.0\client_1\bin;C:\Program Files\CollabNet\Subversion Client;C:\Windows\system32;C:\Windows;C:\Windows\System32\Wbem;C:\Windows\System32\WindowsPowerShell\v1.0\;C:\Windows\System32\OpenSSH\;C:\Program Files\TortoiseSVN\bin;C:\Program Files\Git\cmd;C:\Program Files (x86)\Intel\Intel(R) Management Engine Components\DAL;C:\Program Files\Intel\Intel(R) Management Engine Components\DAL;C:\Program Files (x86)\Intel\Intel(R) Management Engine Components\IPT;C:\Program Files\Intel\Intel(R) Management Engine Components\IPT;C:\Program Files (x86)\ATI Technologies\ATI.ACE\Core-Static;C:\Users\Ceiba\AppData\Local\Microsoft\WindowsApps;;C:\Users\Ceiba\Documents\eclipse;;., java.specification.name=Java Platform API Specification, java.class.version=52.0, org.gradle.native=false, sun.management.compiler=HotSpot 64-Bit Tiered Compilers, os.version=10.0, user.home=C:\Users\Ceiba, user.timezone=America/Bogota, java.awt.printerjob=sun.awt.windows.WPrinterJob, file.encoding=windows-1252, java.specification.version=1.8, java.class.path=C:\Users\Ceiba\Documents\Proyectos\parquedaero069\build\classes\java\test;C:\Users\Ceiba\Documents\Proyectos\parquedaero069\build\resources\test;C:\Users\Ceiba\Documents\Proyectos\parquedaero069\build\classes\java\main;C:\Users\Ceiba\Documents\Proyectos\parquedaero069\build\resources\main;C:\Users\Ceiba\.gradle\caches\modules-2\files-2.1\org.apache.commons\commons-math3\3.6.1\e4ba98f1d4b3c80ec46392f25e094a6a2e58fcbf\commons-math3-3.6.1.jar;C:\Users\Ceiba\.gradle\caches\modules-2\files-2.1\org.springframework.boot\spring-boot-starter-data-jpa\2.0.1.RELEASE\b7c701f60073e2d2b8a8f5502dcc39d4f65f45ff\spring-boot-starter-data-jpa-2.0.1.RELEASE.jar;C:\Users\Ceiba\.gradle\caches\modules-2\files-2.1\org.springframework.boot\spring-boot-starter-thymeleaf\2.0.1.RELEASE\3fae511b6291f4b6d4d391007327946961fada55\spring-boot-starter-thymeleaf-2.0.1.RELEASE.jar;C:\Users\Ceiba\.gradle\caches\modules-2\files-2.1\org.springframework.boot\spring-boot-starter-web\2.0.1.RELEASE\88751ed76791d12425ce5a80476baf1749a44cf4\spring-boot-starter-web-2.0.1.RELEASE.jar;C:\Users\Ceiba\.gradle\caches\modules-2\files-2.1\org.json\json\20171018\36ced462c97f0845b4a7b266a25cebe95d18baa3\json-20171018.jar;C:\Users\Ceiba\.gradle\caches\modules-2\files-2.1\com.google.guava\guava\23.0\c947004bb13d18182be60077ade044099e4f26f1\guava-23.0.jar;C:\Users\Ceiba\.gradle\caches\modules-2\files-2.1\com.h2database\h2\1.4.197\bb391050048ca8ae3e32451b5a3714ecd3596a46\h2-1.4.197.jar;C:\Users\Ceiba\.gradle\caches\modules-2\files-2.1\org.springframework.boot\spring-boot-starter-test\2.0.1.RELEASE\d6204ede44fa7e1df01d25509837bfa4b767fa28\spring-boot-starter-test-2.0.1.RELEASE.jar;C:\Users\Ceiba\.gradle\caches\modules-2\files-2.1\org.mockito\mockito-core\2.18.3\98aa130476c5d1915dac35b5ad053a7ffcd675bc\mockito-core-2.18.3.jar;C:\Users\Ceiba\.gradle\caches\modules-2\files-2.1\junit\junit\4.12\2973d150c0dc1fefe998f834810d68f278ea58ec\junit-4.12.jar;C:\Users\Ceiba\.gradle\caches\modules-2\files-2.1\org.springframework.boot\spring-boot-starter-aop\2.0.1.RELEASE\c7f7b5b5e63edca2fb04899d13d8bad83377b4b3\spring-boot-starter-aop-2.0.1.RELEASE.jar;C:\Users\Ceiba\.gradle\caches\modules-2\files-2.1\org.springframework.boot\spring-boot-starter-jdbc\2.0.1.RELEASE\a22a7ac74388118938bfcd894318cd0c5a7c380b\spring-boot-starter-jdbc-2.0.1.RELEASE.jar;C:\Users\Ceiba\.gradle\caches\modules-2\files-2.1\org.springframework.boot\spring-boot-starter-json\2.0.1.RELEASE\f2e1aeeb1ac02bfa1b4f7254633484af1866fc65\spring-boot-starter-json-2.0.1.RELEASE.jar;C:\Users\Ceiba\.gradle\caches\modules-2\files-2.1\org.springframework.boot\spring-boot-starter\2.0.1.RELEASE\33abc1286b0aabea4f08ff4285d09e587835a716\spring-boot-starter-2.0.1.RELEASE.jar;C:\Users\Ceiba\.gradle\caches\modules-2\files-2.1\org.hibernate\hibernate-core\5.2.16.Final\c169565556721e21e9bdc193a3e8e25160a45468\hibernate-core-5.2.16.Final.jar;C:\Users\Ceiba\.gradle\caches\modules-2\files-2.1\javax.transaction\javax.transaction-api\1.2\d81aff979d603edd90dcd8db2abc1f4ce6479e3e\javax.transaction-api-1.2.jar;C:\Users\Ceiba\.gradle\caches\modules-2\files-2.1\org.springframework.data\spring-data-jpa\2.0.6.RELEASE\2c683dfbd06551bfd6cc7e05f9d13f5c54c79ba\spring-data-jpa-2.0.6.RELEASE.jar;C:\Users\Ceiba\.gradle\caches\modules-2\files-2.1\org.springframework\spring-aspects\5.0.5.RELEASE\34994566374425cfdf82634720b010ed20be512d\spring-aspects-5.0.5.RELEASE.jar;C:\Users\Ceiba\.gradle\caches\modules-2\files-2.1\org.thymeleaf\thymeleaf-spring5\3.0.9.RELEASE\abf84efd83808a70d982d2790f7f3a7bd3a39cf4\thymeleaf-spring5-3.0.9.RELEASE.jar;C:\Users\Ceiba\.gradle\caches\modules-2\files-2.1\org.thymeleaf.extras\thymeleaf-extras-java8time\3.0.1.RELEASE\d23760d1e53cd70c489ef40dc94ee6bd2371cceb\thymeleaf-extras-java8time-3.0.1.RELEASE.jar;C:\Users\Ceiba\.gradle\caches\modules-2\files-2.1\org.springframework.boot\spring-boot-starter-tomcat\2.0.1.RELEASE\4b46f4aaff6c8a5a1c8184996d5e9e8a9354db8d\spring-boot-starter-tomcat-2.0.1.RELEASE.jar;C:\Users\Ceiba\.gradle\caches\modules-2\files-2.1\org.hibernate.validator\hibernate-validator\6.0.9.Final\b149e4cce82379f11f6129eb3187ca8ae5404005\hibernate-validator-6.0.9.Final.jar;C:\Users\Ceiba\.gradle\caches\modules-2\files-2.1\org.springframework\spring-webmvc\5.0.5.RELEASE\a7fd53c7ad06b0fa7dd4ff347de1b2dc508739e\spring-webmvc-5.0.5.RELEASE.jar;C:\Users\Ceiba\.gradle\caches\modules-2\files-2.1\org.springframework\spring-web\5.0.5.RELEASE\d51dbb5cabe72ae02e400577bac48f7fc94088de\spring-web-5.0.5.RELEASE.jar;C:\Users\Ceiba\.gradle\caches\modules-2\files-2.1\com.google.code.findbugs\jsr305\1.3.9\40719ea6961c0cb6afaeb6a921eaa1f6afd4cfdf\jsr305-1.3.9.jar;C:\Users\Ceiba\.gradle\caches\modules-2\files-2.1\com.google.errorprone\error_prone_annotations\2.0.18\5f65affce1684999e2f4024983835efc3504012e\error_prone_annotations-2.0.18.jar;C:\Users\Ceiba\.gradle\caches\modules-2\files-2.1\com.google.j2objc\j2objc-annotations\1.1\ed28ded51a8b1c6b112568def5f4b455e6809019\j2objc-annotations-1.1.jar;C:\Users\Ceiba\.gradle\caches\modules-2\files-2.1\org.codehaus.mojo\animal-sniffer-annotations\1.14\775b7e22fb10026eed3f86e8dc556dfafe35f2d5\animal-sniffer-annotations-1.14.jar;C:\Users\Ceiba\.gradle\caches\modules-2\files-2.1\org.springframework.boot\spring-boot-test-autoconfigure\2.0.1.RELEASE\c7a68c07f2a04323a67740f91d20818ec2e783b3\spring-boot-test-autoconfigure-2.0.1.RELEASE.jar;C:\Users\Ceiba\.gradle\caches\modules-2\files-2.1\org.springframework.boot\spring-boot-test\2.0.1.RELEASE\77cede07b0e9da6c87d0dabcfe3e53ac56747d73\spring-boot-test-2.0.1.RELEASE.jar;C:\Users\Ceiba\.gradle\caches\modules-2\files-2.1\com.jayway.jsonpath\json-path\2.4.0\765a4401ceb2dc8d40553c2075eb80a8fa35c2ae\json-path-2.4.0.jar;C:\Users\Ceiba\.gradle\caches\modules-2\files-2.1\org.assertj\assertj-core\3.9.1\c5ce126b15f28d56cd8f960c1a6a058b9c9aea87\assertj-core-3.9.1.jar;C:\Users\Ceiba\.gradle\caches\modules-2\files-2.1\org.hamcrest\hamcrest-library\1.3\4785a3c21320980282f9f33d0d1264a69040538f\hamcrest-library-1.3.jar;C:\Users\Ceiba\.gradle\caches\modules-2\files-2.1\org.hamcrest\hamcrest-core\1.3\42a25dc3219429f0e5d060061f71acb49bf010a0\hamcrest-core-1.3.jar;C:\Users\Ceiba\.gradle\caches\modules-2\files-2.1\org.skyscreamer\jsonassert\1.5.0\6c9d5fe2f59da598d9aefc1cfc6528ff3cf32df3\jsonassert-1.5.0.jar;C:\Users\Ceiba\.gradle\caches\modules-2\files-2.1\org.springframework\spring-test\5.0.5.RELEASE\f7e3b83447e54056a91de1294ae6888343648dff\spring-test-5.0.5.RELEASE.jar;C:\Users\Ceiba\.gradle\caches\modules-2\files-2.1\org.springframework.boot\spring-boot-autoconfigure\2.0.1.RELEASE\b0bf9d34ed70c6987a86cd58a009065e5fa02545\spring-boot-autoconfigure-2.0.1.RELEASE.jar;C:\Users\Ceiba\.gradle\caches\modules-2\files-2.1\org.springframework.boot\spring-boot\2.0.1.RELEASE\b8c5b14cbb0e52fdded8f98a8c1493cc74c7cf59\spring-boot-2.0.1.RELEASE.jar;C:\Users\Ceiba\.gradle\caches\modules-2\files-2.1\org.springframework\spring-orm\5.0.5.RELEASE\6734f5ef4c2ebf1d00021fd4b314138f10792174\spring-orm-5.0.5.RELEASE.jar;C:\Users\Ceiba\.gradle\caches\modules-2\files-2.1\org.springframework\spring-jdbc\5.0.5.RELEASE\456bc4d2281c37aa2f2206651a3048a1d3559d2a\spring-jdbc-5.0.5.RELEASE.jar;C:\Users\Ceiba\.gradle\caches\modules-2\files-2.1\org.springframework.data\spring-data-commons\2.0.6.RELEASE\4d65fdcbe258961e866f4f85c87c13193bbfd18c\spring-data-commons-2.0.6.RELEASE.jar;C:\Users\Ceiba\.gradle\caches\modules-2\files-2.1\org.springframework\spring-context\5.0.5.RELEASE\9cca4bf5acb693249a01c218f471c677b951d6e2\spring-context-5.0.5.RELEASE.jar;C:\Users\Ceiba\.gradle\caches\modules-2\files-2.1\org.springframework\spring-tx\5.0.5.RELEASE\b772fbba533da282adc89f33e2619ee8a8bba601\spring-tx-5.0.5.RELEASE.jar;C:\Users\Ceiba\.gradle\caches\modules-2\files-2.1\org.springframework\spring-aop\5.0.5.RELEASE\b11b61b94d7fb752a1c9bf3461d655c3084fae47\spring-aop-5.0.5.RELEASE.jar;C:\Users\Ceiba\.gradle\caches\modules-2\files-2.1\org.springframework\spring-beans\5.0.5.RELEASE\984445863c0bbdaaf860615762d998b471a6bf92\spring-beans-5.0.5.RELEASE.jar;C:\Users\Ceiba\.gradle\caches\modules-2\files-2.1\org.springframework\spring-expression\5.0.5.RELEASE\fc6c7a95aeb7d00f4c65c338b08d97767eb0dd99\spring-expression-5.0.5.RELEASE.jar;C:\Users\Ceiba\.gradle\caches\modules-2\files-2.1\org.springframework\spring-core\5.0.5.RELEASE\1bd9feb1d9dac6accd27f5244b6c47cfcb55045c\spring-core-5.0.5.RELEASE.jar;C:\Users\Ceiba\.gradle\caches\modules-2\files-2.1\org.xmlunit\xmlunit-core\2.5.1\4ffdb346572a7356f7521cd3119ce5287d2e339d\xmlunit-core-2.5.1.jar;C:\Users\Ceiba\.gradle\caches\modules-2\files-2.1\net.bytebuddy\byte-buddy\1.7.11\f02857a4e2c66ccbe7aaad6100a0a6c461bce9b3\byte-buddy-1.7.11.jar;C:\Users\Ceiba\.gradle\caches\modules-2\files-2.1\net.bytebuddy\byte-buddy-agent\1.7.11\b425a8933ca07edd03c6dbc8bc3b595fba9780de\byte-buddy-agent-1.7.11.jar;C:\Users\Ceiba\.gradle\caches\modules-2\files-2.1\org.objenesis\objenesis\2.6\639033469776fd37c08358c6b92a4761feb2af4b\objenesis-2.6.jar;C:\Users\Ceiba\.gradle\caches\modules-2\files-2.1\org.springframework.boot\spring-boot-starter-logging\2.0.1.RELEASE\10681a28c95e9f9c0159327a1ed0c860517c7ad7\spring-boot-starter-logging-2.0.1.RELEASE.jar;C:\Users\Ceiba\.gradle\caches\modules-2\files-2.1\javax.annotation\javax.annotation-api\1.3.2\934c04d3cfef185a8008e7bf34331b79730a9d43\javax.annotation-api-1.3.2.jar;C:\Users\Ceiba\.gradle\caches\modules-2\files-2.1\org.yaml\snakeyaml\1.19\2d998d3d674b172a588e54ab619854d073f555b5\snakeyaml-1.19.jar;C:\Users\Ceiba\.gradle\caches\modules-2\files-2.1\org.aspectj\aspectjweaver\1.8.13\ad94df2a28d658a40dc27bbaff6a1ce5fbf04e9b\aspectjweaver-1.8.13.jar;C:\Users\Ceiba\.gradle\caches\modules-2\files-2.1\com.zaxxer\HikariCP\2.7.8\4a3a604fa2efa89621aa498d04e000b2bed90c39\HikariCP-2.7.8.jar;C:\Users\Ceiba\.gradle\caches\modules-2\files-2.1\org.hibernate.common\hibernate-commons-annotations\5.0.1.Final\71e1cff3fcb20d3b3af4f3363c3ddb24d33c6879\hibernate-commons-annotations-5.0.1.Final.jar;C:\Users\Ceiba\.gradle\caches\modules-2\files-2.1\org.jboss.logging\jboss-logging\3.3.2.Final\3789d00e859632e6c6206adc0c71625559e6e3b0\jboss-logging-3.3.2.Final.jar;C:\Users\Ceiba\.gradle\caches\modules-2\files-2.1\org.hibernate.javax.persistence\hibernate-jpa-2.1-api\1.0.0.Final\5e731d961297e5a07290bfaf3db1fbc8bbbf405a\hibernate-jpa-2.1-api-1.0.0.Final.jar;C:\Users\Ceiba\.gradle\caches\modules-2\files-2.1\org.javassist\javassist\3.22.0-GA\3e83394258ae2089be7219b971ec21a8288528ad\javassist-3.22.0-GA.jar;C:\Users\Ceiba\.gradle\caches\modules-2\files-2.1\antlr\antlr\2.7.7\83cd2cd674a217ade95a4bb83a8a14f351f48bd0\antlr-2.7.7.jar;C:\Users\Ceiba\.gradle\caches\modules-2\files-2.1\org.jboss\jandex\2.0.3.Final\bfc4d6257dbff7a33a357f0de116be6ff951d849\jandex-2.0.3.Final.jar;C:\Users\Ceiba\.gradle\caches\modules-2\files-2.1\com.fasterxml\classmate\1.3.4\3d5f48f10bbe4eb7bd862f10c0583be2e0053c6\classmate-1.3.4.jar;C:\Users\Ceiba\.gradle\caches\modules-2\files-2.1\dom4j\dom4j\1.6.1\5d3ccc056b6f056dbf0dddfdf43894b9065a8f94\dom4j-1.6.1.jar;C:\Users\Ceiba\.gradle\caches\modules-2\files-2.1\org.thymeleaf\thymeleaf\3.0.9.RELEASE\64185cca50ac808ad034841c84b4013f955465d2\thymeleaf-3.0.9.RELEASE.jar;C:\Users\Ceiba\.gradle\caches\modules-2\files-2.1\ch.qos.logback\logback-classic\1.2.3\7c4f3c474fb2c041d8028740440937705ebb473a\logback-classic-1.2.3.jar;C:\Users\Ceiba\.gradle\caches\modules-2\files-2.1\org.apache.logging.log4j\log4j-to-slf4j\2.10.0\f7e631ccf49cfc0aefa4a2a728da7d374c05bd3c\log4j-to-slf4j-2.10.0.jar;C:\Users\Ceiba\.gradle\caches\modules-2\files-2.1\org.slf4j\jul-to-slf4j\1.7.25\af5364cd6679bfffb114f0dec8a157aaa283b76\jul-to-slf4j-1.7.25.jar;C:\Users\Ceiba\.gradle\caches\modules-2\files-2.1\org.slf4j\slf4j-api\1.7.25\da76ca59f6a57ee3102f8f9bd9cee742973efa8a\slf4j-api-1.7.25.jar;C:\Users\Ceiba\.gradle\caches\modules-2\files-2.1\com.fasterxml.jackson.datatype\jackson-datatype-jdk8\2.9.5\23e37f085279ba316c0df923513b81609e1d1f6\jackson-datatype-jdk8-2.9.5.jar;C:\Users\Ceiba\.gradle\caches\modules-2\files-2.1\com.fasterxml.jackson.datatype\jackson-datatype-jsr310\2.9.5\d1f0d11e816bc04e222a261106ca138801841c2d\jackson-datatype-jsr310-2.9.5.jar;C:\Users\Ceiba\.gradle\caches\modules-2\files-2.1\com.fasterxml.jackson.module\jackson-module-parameter-names\2.9.5\f824c60751ffb7bfc3a0d30dfe0e42317d8e67f5\jackson-module-parameter-names-2.9.5.jar;C:\Users\Ceiba\.gradle\caches\modules-2\files-2.1\com.fasterxml.jackson.core\jackson-databind\2.9.5\3490508379d065fe3fcb80042b62f630f7588606\jackson-databind-2.9.5.jar;C:\Users\Ceiba\.gradle\caches\modules-2\files-2.1\org.apache.tomcat.embed\tomcat-embed-websocket\8.5.29\37786f4ca8a1597a91a0f437e659a76d1fcc5bf1\tomcat-embed-websocket-8.5.29.jar;C:\Users\Ceiba\.gradle\caches\modules-2\files-2.1\org.apache.tomcat.embed\tomcat-embed-core\8.5.29\51eac5adde4bc019261b787cb99e5548206908e6\tomcat-embed-core-8.5.29.jar;C:\Users\Ceiba\.gradle\caches\modules-2\files-2.1\org.apache.tomcat.embed\tomcat-embed-el\8.5.29\893fb2c87ec1aa248a7911d76c0c06b3fca6bc9b\tomcat-embed-el-8.5.29.jar;C:\Users\Ceiba\.gradle\caches\modules-2\files-2.1\javax.validation\validation-api\2.0.1.Final\cb855558e6271b1b32e716d24cb85c7f583ce09e\validation-api-2.0.1.Final.jar;C:\Users\Ceiba\.gradle\caches\modules-2\files-2.1\net.minidev\json-smart\2.3\7396407491352ce4fa30de92efb158adb76b5b\json-smart-2.3.jar;C:\Users\Ceiba\.gradle\caches\modules-2\files-2.1\com.vaadin.external.google\android-json\0.0.20131108.vaadin1\fa26d351fe62a6a17f5cda1287c1c6110dec413f\android-json-0.0.20131108.vaadin1.jar;C:\Users\Ceiba\.gradle\caches\modules-2\files-2.1\org.springframework\spring-jcl\5.0.5.RELEASE\f4a2854b9d865e8b86717595aec16f877f8c6489\spring-jcl-5.0.5.RELEASE.jar;C:\Users\Ceiba\.gradle\caches\modules-2\files-2.1\org.attoparser\attoparser\2.0.4.RELEASE\5cf02c4d8303a81f0c80971bb1dcd40d3ba96009\attoparser-2.0.4.RELEASE.jar;C:\Users\Ceiba\.gradle\caches\modules-2\files-2.1\org.unbescape\unbescape\1.1.5.RELEASE\46dc644ea9c234317d926ebac5bf5d8f114dc1ba\unbescape-1.1.5.RELEASE.jar;C:\Users\Ceiba\.gradle\caches\modules-2\files-2.1\com.fasterxml.jackson.core\jackson-annotations\2.9.0\7c10d545325e3a6e72e06381afe469fd40eb701\jackson-annotations-2.9.0.jar;C:\Users\Ceiba\.gradle\caches\modules-2\files-2.1\com.fasterxml.jackson.core\jackson-core\2.9.5\a22ac51016944b06fd9ffbc9541c6e7ce5eea117\jackson-core-2.9.5.jar;C:\Users\Ceiba\.gradle\caches\modules-2\files-2.1\net.minidev\accessors-smart\1.2\c592b500269bfde36096641b01238a8350f8aa31\accessors-smart-1.2.jar;C:\Users\Ceiba\.gradle\caches\modules-2\files-2.1\ch.qos.logback\logback-core\1.2.3\864344400c3d4d92dfeb0a305dc87d953677c03c\logback-core-1.2.3.jar;C:\Users\Ceiba\.gradle\caches\modules-2\files-2.1\org.apache.logging.log4j\log4j-api\2.10.0\fec5797a55b786184a537abd39c3fa1449d752d6\log4j-api-2.10.0.jar;C:\Users\Ceiba\.gradle\caches\modules-2\files-2.1\org.ow2.asm\asm\5.0.4\da08b8cce7bbf903602a25a3a163ae252435795\asm-5.0.4.jar, user.name=Ceiba, java.vm.specification.version=1.8, sun.java.command=worker.org.gradle.process.internal.worker.GradleWorkerMain 'Gradle Test Executor 1', java.home=C:\Program Files\Java\jdk1.8.0_171\jre, sun.arch.data.model=64, user.language=es, java.specification.vendor=Oracle Corporation, awt.toolkit=sun.awt.windows.WToolkit, java.vm.info=mixed mode, java.version=1.8.0_171, java.ext.dirs=C:\Program Files\Java\jdk1.8.0_171\jre\lib\ext;C:\Windows\Sun\Java\lib\ext, sun.boot.class.path=C:\Program Files\Java\jdk1.8.0_171\jre\lib\resources.jar;C:\Program Files\Java\jdk1.8.0_171\jre\lib\rt.jar;C:\Program Files\Java\jdk1.8.0_171\jre\lib\sunrsasign.jar;C:\Program Files\Java\jdk1.8.0_171\jre\lib\jsse.jar;C:\Program Files\Java\jdk1.8.0_171\jre\lib\jce.jar;C:\Program Files\Java\jdk1.8.0_171\jre\lib\charsets.jar;C:\Program Files\Java\jdk1.8.0_171\jre\lib\jfr.jar;C:\Program Files\Java\jdk1.8.0_171\jre\classes, java.vendor=Oracle Corporation, org.gradle.test.worker=1, file.separator=\, java.vendor.url.bug=http://bugreport.sun.com/bugreport/, sun.io.unicode.encoding=UnicodeLittle, sun.cpu.endian=little, sun.desktop=windows, sun.cpu.isalist=amd64}}, SystemEnvironmentPropertySource@1735249374 {name='systemEnvironment', properties={USERDOMAIN_ROAMINGPROFILE=JUAN-QUINONES, LOCALAPPDATA=C:\Users\Ceiba\AppData\Local, PROCESSOR_LEVEL=6, USERDOMAIN=JUAN-QUINONES, FPS_BROWSER_APP_PROFILE_STRING=Internet Explorer, LOGONSERVER=\\JUAN-QUINONES, SESSIONNAME=Console, ALLUSERSPROFILE=C:\ProgramData, PROCESSOR_ARCHITECTURE=AMD64, PSModulePath=C:\Program Files\WindowsPowerShell\Modules;C:\Windows\system32\WindowsPowerShell\v1.0\Modules, SystemDrive=C:, OneDrive=C:\Users\Ceiba\OneDrive, APPDATA=C:\Users\Ceiba\AppData\Roaming, USERNAME=Ceiba, ProgramFiles(x86)=C:\Program Files (x86), CommonProgramFiles=C:\Program Files\Common Files, Path=C:/Program Files/Java/jre1.8.0_171/bin/server;C:/Program Files/Java/jre1.8.0_171/bin;C:/Program Files/Java/jre1.8.0_171/lib/amd64;C:\Program Files (x86)\Intel\iCLS Client\;C:\Program Files\Intel\iCLS Client\;C:\Program Files (x86)\Common Files\Oracle\Java\javapath;C:\Oracle\product\11.1.0\client_1\bin;C:\Program Files\CollabNet\Subversion Client;C:\Windows\system32;C:\Windows;C:\Windows\System32\Wbem;C:\Windows\System32\WindowsPowerShell\v1.0\;C:\Windows\System32\OpenSSH\;C:\Program Files\TortoiseSVN\bin;C:\Program Files\Git\cmd;C:\Program Files (x86)\Intel\Intel(R) Management Engine Components\DAL;C:\Program Files\Intel\Intel(R) Management Engine Components\DAL;C:\Program Files (x86)\Intel\Intel(R) Management Engine Components\IPT;C:\Program Files\Intel\Intel(R) Management Engine Components\IPT;C:\Program Files (x86)\ATI Technologies\ATI.ACE\Core-Static;C:\Users\Ceiba\AppData\Local\Microsoft\WindowsApps;;C:\Users\Ceiba\Documents\eclipse;, FPS_BROWSER_USER_PROFILE_STRING=Default, PATHEXT=.COM;.EXE;.BAT;.CMD;.VBS;.VBE;.JS;.JSE;.WSF;.WSH;.MSC, DriverData=C:\Windows\System32\Drivers\DriverData, OS=Windows_NT, COMPUTERNAME=JUAN-QUINONES, PROCESSOR_REVISION=3c03, CommonProgramW6432=C:\Program Files\Common Files, ComSpec=C:\Windows\system32\cmd.exe, ProgramData=C:\ProgramData, ProgramW6432=C:\Program Files, HOMEPATH=\Users\Ceiba, SystemRoot=C:\Windows, TEMP=C:\Users\Ceiba\AppData\Local\Temp, HOMEDRIVE=C:, PROCESSOR_IDENTIFIER=Intel64 Family 6 Model 60 Stepping 3, GenuineIntel, USERPROFILE=C:\Users\Ceiba, TMP=C:\Users\Ceiba\AppData\Local\Temp, CommonProgramFiles(x86)=C:\Program Files (x86)\Common Files, ProgramFiles=C:\Program Files, PUBLIC=C:\Users\Public, NUMBER_OF_PROCESSORS=4, windir=C:\Windows, =::=::\}}]
09:32:48.287 [Test worker] DEBUG org.springframework.test.context.support.TestPropertySourceUtils - Adding inlined properties to environment: {spring.jmx.enabled=false, org.springframework.boot.test.context.SpringBootTestContextBootstrapper=true, server.port=-1}
09:32:48.289 [Test worker] DEBUG org.springframework.core.env.StandardEnvironment - Adding PropertySource 'Inlined Test Properties' with highest search precedence

  .   ____          _            __ _ _
 /\\ / ___'_ __ _ _(_)_ __  __ _ \ \ \ \
( ( )\___ | '_ | '_| | '_ \/ _` | \ \ \ \
 \\/  ___)| |_)| | | | | || (_| |  ) ) ) )
  '  |____| .__|_| |_|_| |_\__, | / / / /
 =========|_|==============|___/=/_/_/_/
 :: Spring Boot ::        (v2.0.1.RELEASE)

2018-05-16 09:32:49.213  WARN 8200 --- [    Test worker] ory$DuplicateJsonObjectContextCustomizer : 

Found multiple occurrences of org.json.JSONObject on the class path:

	jar:file:/C:/Users/Ceiba/.gradle/caches/modules-2/files-2.1/org.json/json/20171018/36ced462c97f0845b4a7b266a25cebe95d18baa3/json-20171018.jar!/org/json/JSONObject.class
	jar:file:/C:/Users/Ceiba/.gradle/caches/modules-2/files-2.1/com.vaadin.external.google/android-json/0.0.20131108.vaadin1/fa26d351fe62a6a17f5cda1287c1c6110dec413f/android-json-0.0.20131108.vaadin1.jar!/org/json/JSONObject.class

You may wish to exclude one of them to ensure predictable runtime behavior

2018-05-16 09:32:49.362  INFO 8200 --- [    Test worker] c.c.p.I.VigilanteParquederoTest          : Starting VigilanteParquederoTest on JUAN-QUINONES with PID 8200 (started by Ceiba in C:\Users\Ceiba\Documents\Proyectos\parquedaero069)
2018-05-16 09:32:49.363  INFO 8200 --- [    Test worker] c.c.p.I.VigilanteParquederoTest          : No active profile set, falling back to default profiles: default
2018-05-16 09:32:49.491  INFO 8200 --- [    Test worker] o.s.w.c.s.GenericWebApplicationContext   : Refreshing org.springframework.web.context.support.GenericWebApplicationContext@66092739: startup date [Wed May 16 09:32:49 COT 2018]; root of context hierarchy
2018-05-16 09:32:53.502  INFO 8200 --- [    Test worker] trationDelegate$BeanPostProcessorChecker : Bean 'org.springframework.transaction.annotation.ProxyTransactionManagementConfiguration' of type [org.springframework.transaction.annotation.ProxyTransactionManagementConfiguration$$EnhancerBySpringCGLIB$$592b54aa] is not eligible for getting processed by all BeanPostProcessors (for example: not eligible for auto-proxying)
2018-05-16 09:32:54.169  INFO 8200 --- [    Test worker] com.zaxxer.hikari.HikariDataSource       : HikariPool-1 - Starting...
2018-05-16 09:32:54.881  INFO 8200 --- [    Test worker] com.zaxxer.hikari.HikariDataSource       : HikariPool-1 - Start completed.
2018-05-16 09:32:55.077  INFO 8200 --- [    Test worker] j.LocalContainerEntityManagerFactoryBean : Building JPA container EntityManagerFactory for persistence unit 'default'
2018-05-16 09:32:55.190  INFO 8200 --- [    Test worker] o.hibernate.jpa.internal.util.LogHelper  : HHH000204: Processing PersistenceUnitInfo [
	name: default
	...]
2018-05-16 09:32:55.416  INFO 8200 --- [    Test worker] org.hibernate.Version                    : HHH000412: Hibernate Core {5.2.16.Final}
2018-05-16 09:32:55.420  INFO 8200 --- [    Test worker] org.hibernate.cfg.Environment            : HHH000206: hibernate.properties not found
2018-05-16 09:32:55.524  INFO 8200 --- [    Test worker] o.hibernate.annotations.common.Version   : HCANN000001: Hibernate Commons Annotations {5.0.1.Final}
2018-05-16 09:32:55.979  INFO 8200 --- [    Test worker] org.hibernate.dialect.Dialect            : HHH000400: Using dialect: org.hibernate.dialect.H2Dialect
Hibernate: create table movimiento_parqueadero (id_movimiento_parqueadero integer generated by default as identity, estado varchar(255), fecha_ingreso timestamp not null, fecha_retiro timestamp, valor_cobrado decimal(19,2), id_vehiculo integer, primary key (id_movimiento_parqueadero))
Hibernate: create table vehiculo (id_vehiculo integer generated by default as identity, cilindraje integer, placa varchar(255) not null, tipo_vehiculo varchar(255) not null, primary key (id_vehiculo))
Hibernate: alter table movimiento_parqueadero add constraint FK9a40ki2dj2dqxajga9fe2du1t foreign key (id_vehiculo) references vehiculo
2018-05-16 09:32:57.714  INFO 8200 --- [    Test worker] j.LocalContainerEntityManagerFactoryBean : Initialized JPA EntityManagerFactory for persistence unit 'default'
2018-05-16 09:32:58.517  INFO 8200 --- [    Test worker] o.h.h.i.QueryTranslatorFactoryInitiator  : HHH000397: Using ASTQueryTranslatorFactory
2018-05-16 09:33:00.050  INFO 8200 --- [    Test worker] o.s.w.s.handler.SimpleUrlHandlerMapping  : Mapped URL path [/**/favicon.ico] onto handler of type [class org.springframework.web.servlet.resource.ResourceHttpRequestHandler]
2018-05-16 09:33:01.133  INFO 8200 --- [    Test worker] s.w.s.m.m.a.RequestMappingHandlerAdapter : Looking for @ControllerAdvice: org.springframework.web.context.support.GenericWebApplicationContext@66092739: startup date [Wed May 16 09:32:49 COT 2018]; root of context hierarchy
2018-05-16 09:33:01.312  WARN 8200 --- [    Test worker] aWebConfiguration$JpaWebMvcConfiguration : spring.jpa.open-in-view is enabled by default. Therefore, database queries may be performed during view rendering. Explicitly configure spring.jpa.open-in-view to disable this warning
2018-05-16 09:33:01.460  INFO 8200 --- [    Test worker] s.w.s.m.m.a.RequestMappingHandlerMapping : Mapped "{[/vehiculos/listallvehiculos],methods=[GET]}" onto public java.util.List<com.ceiba.parqueadero069.domain.Vehiculo> com.ceiba.parqueadero069.controller.VigilanteController.listAllVehiculos()
2018-05-16 09:33:01.465  INFO 8200 --- [    Test worker] s.w.s.m.m.a.RequestMappingHandlerMapping : Mapped "{[/vehiculos/ingresarautomovil],methods=[POST]}" onto public com.ceiba.parqueadero069.util.RestResponse com.ceiba.parqueadero069.controller.VigilanteController.ingresarVehiculo(java.lang.String) throws com.fasterxml.jackson.core.JsonParseException,com.fasterxml.jackson.databind.JsonMappingException,java.io.IOException
2018-05-16 09:33:01.466  INFO 8200 --- [    Test worker] s.w.s.m.m.a.RequestMappingHandlerMapping : Mapped "{[/vehiculos/retirarvehiculo],methods=[POST]}" onto public com.ceiba.parqueadero069.util.RestResponse com.ceiba.parqueadero069.controller.VigilanteController.retirarVehiculo(java.lang.String) throws org.json.JSONException
2018-05-16 09:33:01.470  INFO 8200 --- [    Test worker] s.w.s.m.m.a.RequestMappingHandlerMapping : Mapped "{[/error]}" onto public org.springframework.http.ResponseEntity<java.util.Map<java.lang.String, java.lang.Object>> org.springframework.boot.autoconfigure.web.servlet.error.BasicErrorController.error(javax.servlet.http.HttpServletRequest)
2018-05-16 09:33:01.472  INFO 8200 --- [    Test worker] s.w.s.m.m.a.RequestMappingHandlerMapping : Mapped "{[/error],produces=[text/html]}" onto public org.springframework.web.servlet.ModelAndView org.springframework.boot.autoconfigure.web.servlet.error.BasicErrorController.errorHtml(javax.servlet.http.HttpServletRequest,javax.servlet.http.HttpServletResponse)
2018-05-16 09:33:01.572  INFO 8200 --- [    Test worker] o.s.w.s.handler.SimpleUrlHandlerMapping  : Mapped URL path [/webjars/**] onto handler of type [class org.springframework.web.servlet.resource.ResourceHttpRequestHandler]
2018-05-16 09:33:01.572  INFO 8200 --- [    Test worker] o.s.w.s.handler.SimpleUrlHandlerMapping  : Mapped URL path [/**] onto handler of type [class org.springframework.web.servlet.resource.ResourceHttpRequestHandler]
2018-05-16 09:33:02.599  INFO 8200 --- [    Test worker] c.c.p.I.VigilanteParquederoTest          : Started VigilanteParquederoTest in 14.278 seconds (JVM running for 18.211)
Hibernate: select movimiento0_.id_movimiento_parqueadero as id_movim1_0_, movimiento0_.estado as estado2_0_, movimiento0_.fecha_ingreso as fecha_in3_0_, movimiento0_.fecha_retiro as fecha_re4_0_, movimiento0_.valor_cobrado as valor_co5_0_, movimiento0_.id_vehiculo as id_vehic6_0_ from movimiento_parqueadero movimiento0_ cross join vehiculo vehiculoen1_ where movimiento0_.id_vehiculo=vehiculoen1_.id_vehiculo and vehiculoen1_.placa=? and movimiento0_.estado='INGRESADO'
Hibernate: select count(movimiento0_.id_movimiento_parqueadero) as col_0_0_ from movimiento_parqueadero movimiento0_ cross join vehiculo vehiculoen1_ where movimiento0_.id_vehiculo=vehiculoen1_.id_vehiculo and vehiculoen1_.tipo_vehiculo=?
Hibernate: insert into vehiculo (id_vehiculo, cilindraje, placa, tipo_vehiculo) values (null, ?, ?, ?)
Hibernate: insert into movimiento_parqueadero (id_movimiento_parqueadero, estado, fecha_ingreso, fecha_retiro, valor_cobrado, id_vehiculo) values (null, ?, ?, ?, ?, ?)
Hibernate: select movimiento0_.id_movimiento_parqueadero as id_movim1_0_, movimiento0_.estado as estado2_0_, movimiento0_.fecha_ingreso as fecha_in3_0_, movimiento0_.fecha_retiro as fecha_re4_0_, movimiento0_.valor_cobrado as valor_co5_0_, movimiento0_.id_vehiculo as id_vehic6_0_ from movimiento_parqueadero movimiento0_ cross join vehiculo vehiculoen1_ where movimiento0_.id_vehiculo=vehiculoen1_.id_vehiculo and vehiculoen1_.placa=? and movimiento0_.estado='INGRESADO'
Hibernate: select vehiculoen0_.id_vehiculo as id_vehic1_1_0_, vehiculoen0_.cilindraje as cilindra2_1_0_, vehiculoen0_.placa as placa3_1_0_, vehiculoen0_.tipo_vehiculo as tipo_veh4_1_0_ from vehiculo vehiculoen0_ where vehiculoen0_.id_vehiculo=?
Hibernate: select movimiento0_.id_movimiento_parqueadero as id_movim1_0_, movimiento0_.estado as estado2_0_, movimiento0_.fecha_ingreso as fecha_in3_0_, movimiento0_.fecha_retiro as fecha_re4_0_, movimiento0_.valor_cobrado as valor_co5_0_, movimiento0_.id_vehiculo as id_vehic6_0_ from movimiento_parqueadero movimiento0_ cross join vehiculo vehiculoen1_ where movimiento0_.id_vehiculo=vehiculoen1_.id_vehiculo and vehiculoen1_.placa=? and movimiento0_.estado='INGRESADO'
Hibernate: select count(movimiento0_.id_movimiento_parqueadero) as col_0_0_ from movimiento_parqueadero movimiento0_ cross join vehiculo vehiculoen1_ where movimiento0_.id_vehiculo=vehiculoen1_.id_vehiculo and vehiculoen1_.tipo_vehiculo=?
Hibernate: insert into vehiculo (id_vehiculo, cilindraje, placa, tipo_vehiculo) values (null, ?, ?, ?)
Hibernate: insert into movimiento_parqueadero (id_movimiento_parqueadero, estado, fecha_ingreso, fecha_retiro, valor_cobrado, id_vehiculo) values (null, ?, ?, ?, ?, ?)
Hibernate: select movimiento0_.id_movimiento_parqueadero as id_movim1_0_, movimiento0_.estado as estado2_0_, movimiento0_.fecha_ingreso as fecha_in3_0_, movimiento0_.fecha_retiro as fecha_re4_0_, movimiento0_.valor_cobrado as valor_co5_0_, movimiento0_.id_vehiculo as id_vehic6_0_ from movimiento_parqueadero movimiento0_ cross join vehiculo vehiculoen1_ where movimiento0_.id_vehiculo=vehiculoen1_.id_vehiculo and vehiculoen1_.placa=? and movimiento0_.estado='INGRESADO'
Hibernate: select vehiculoen0_.id_vehiculo as id_vehic1_1_0_, vehiculoen0_.cilindraje as cilindra2_1_0_, vehiculoen0_.placa as placa3_1_0_, vehiculoen0_.tipo_vehiculo as tipo_veh4_1_0_ from vehiculo vehiculoen0_ where vehiculoen0_.id_vehiculo=?
Hibernate: select movimiento0_.id_movimiento_parqueadero as id_movim1_0_, movimiento0_.estado as estado2_0_, movimiento0_.fecha_ingreso as fecha_in3_0_, movimiento0_.fecha_retiro as fecha_re4_0_, movimiento0_.valor_cobrado as valor_co5_0_, movimiento0_.id_vehiculo as id_vehic6_0_ from movimiento_parqueadero movimiento0_ cross join vehiculo vehiculoen1_ where movimiento0_.id_vehiculo=vehiculoen1_.id_vehiculo and vehiculoen1_.placa=? and movimiento0_.estado='INGRESADO'
Hibernate: select count(movimiento0_.id_movimiento_parqueadero) as col_0_0_ from movimiento_parqueadero movimiento0_ cross join vehiculo vehiculoen1_ where movimiento0_.id_vehiculo=vehiculoen1_.id_vehiculo and vehiculoen1_.tipo_vehiculo=?
Hibernate: insert into vehiculo (id_vehiculo, cilindraje, placa, tipo_vehiculo) values (null, ?, ?, ?)
Hibernate: insert into movimiento_parqueadero (id_movimiento_parqueadero, estado, fecha_ingreso, fecha_retiro, valor_cobrado, id_vehiculo) values (null, ?, ?, ?, ?, ?)
Hibernate: select movimiento0_.id_movimiento_parqueadero as id_movim1_0_, movimiento0_.estado as estado2_0_, movimiento0_.fecha_ingreso as fecha_in3_0_, movimiento0_.fecha_retiro as fecha_re4_0_, movimiento0_.valor_cobrado as valor_co5_0_, movimiento0_.id_vehiculo as id_vehic6_0_ from movimiento_parqueadero movimiento0_ cross join vehiculo vehiculoen1_ where movimiento0_.id_vehiculo=vehiculoen1_.id_vehiculo and vehiculoen1_.placa=? and movimiento0_.estado='INGRESADO'
Hibernate: select vehiculoen0_.id_vehiculo as id_vehic1_1_0_, vehiculoen0_.cilindraje as cilindra2_1_0_, vehiculoen0_.placa as placa3_1_0_, vehiculoen0_.tipo_vehiculo as tipo_veh4_1_0_ from vehiculo vehiculoen0_ where vehiculoen0_.id_vehiculo=?
Hibernate: select movimiento0_.id_movimiento_parqueadero as id_movim1_0_1_, movimiento0_.estado as estado2_0_1_, movimiento0_.fecha_ingreso as fecha_in3_0_1_, movimiento0_.fecha_retiro as fecha_re4_0_1_, movimiento0_.valor_cobrado as valor_co5_0_1_, movimiento0_.id_vehiculo as id_vehic6_0_1_, vehiculoen1_.id_vehiculo as id_vehic1_1_0_, vehiculoen1_.cilindraje as cilindra2_1_0_, vehiculoen1_.placa as placa3_1_0_, vehiculoen1_.tipo_vehiculo as tipo_veh4_1_0_ from movimiento_parqueadero movimiento0_ left outer join vehiculo vehiculoen1_ on movimiento0_.id_vehiculo=vehiculoen1_.id_vehiculo where movimiento0_.id_movimiento_parqueadero=?
Hibernate: insert into vehiculo (id_vehiculo, cilindraje, placa, tipo_vehiculo) values (null, ?, ?, ?)
Hibernate: update movimiento_parqueadero set estado=?, fecha_ingreso=?, fecha_retiro=?, valor_cobrado=?, id_vehiculo=? where id_movimiento_parqueadero=?
Hibernate: select movimiento0_.id_movimiento_parqueadero as id_movim1_0_, movimiento0_.estado as estado2_0_, movimiento0_.fecha_ingreso as fecha_in3_0_, movimiento0_.fecha_retiro as fecha_re4_0_, movimiento0_.valor_cobrado as valor_co5_0_, movimiento0_.id_vehiculo as id_vehic6_0_ from movimiento_parqueadero movimiento0_ cross join vehiculo vehiculoen1_ where movimiento0_.id_vehiculo=vehiculoen1_.id_vehiculo and vehiculoen1_.placa=? and movimiento0_.estado='INGRESADO'
Hibernate: select movimiento0_.id_movimiento_parqueadero as id_movim1_0_, movimiento0_.estado as estado2_0_, movimiento0_.fecha_ingreso as fecha_in3_0_, movimiento0_.fecha_retiro as fecha_re4_0_, movimiento0_.valor_cobrado as valor_co5_0_, movimiento0_.id_vehiculo as id_vehic6_0_ from movimiento_parqueadero movimiento0_ cross join vehiculo vehiculoen1_ where movimiento0_.id_vehiculo=vehiculoen1_.id_vehiculo and vehiculoen1_.placa=? and movimiento0_.estado='INGRESADO'
Hibernate: select count(movimiento0_.id_movimiento_parqueadero) as col_0_0_ from movimiento_parqueadero movimiento0_ cross join vehiculo vehiculoen1_ where movimiento0_.id_vehiculo=vehiculoen1_.id_vehiculo and vehiculoen1_.tipo_vehiculo=?
Hibernate: insert into vehiculo (id_vehiculo, cilindraje, placa, tipo_vehiculo) values (null, ?, ?, ?)
Hibernate: insert into movimiento_parqueadero (id_movimiento_parqueadero, estado, fecha_ingreso, fecha_retiro, valor_cobrado, id_vehiculo) values (null, ?, ?, ?, ?, ?)
Hibernate: select movimiento0_.id_movimiento_parqueadero as id_movim1_0_, movimiento0_.estado as estado2_0_, movimiento0_.fecha_ingreso as fecha_in3_0_, movimiento0_.fecha_retiro as fecha_re4_0_, movimiento0_.valor_cobrado as valor_co5_0_, movimiento0_.id_vehiculo as id_vehic6_0_ from movimiento_parqueadero movimiento0_ cross join vehiculo vehiculoen1_ where movimiento0_.id_vehiculo=vehiculoen1_.id_vehiculo and vehiculoen1_.placa=? and movimiento0_.estado='INGRESADO'
Hibernate: select vehiculoen0_.id_vehiculo as id_vehic1_1_0_, vehiculoen0_.cilindraje as cilindra2_1_0_, vehiculoen0_.placa as placa3_1_0_, vehiculoen0_.tipo_vehiculo as tipo_veh4_1_0_ from vehiculo vehiculoen0_ where vehiculoen0_.id_vehiculo=?
Hibernate: select movimiento0_.id_movimiento_parqueadero as id_movim1_0_1_, movimiento0_.estado as estado2_0_1_, movimiento0_.fecha_ingreso as fecha_in3_0_1_, movimiento0_.fecha_retiro as fecha_re4_0_1_, movimiento0_.valor_cobrado as valor_co5_0_1_, movimiento0_.id_vehiculo as id_vehic6_0_1_, vehiculoen1_.id_vehiculo as id_vehic1_1_0_, vehiculoen1_.cilindraje as cilindra2_1_0_, vehiculoen1_.placa as placa3_1_0_, vehiculoen1_.tipo_vehiculo as tipo_veh4_1_0_ from movimiento_parqueadero movimiento0_ left outer join vehiculo vehiculoen1_ on movimiento0_.id_vehiculo=vehiculoen1_.id_vehiculo where movimiento0_.id_movimiento_parqueadero=?
Hibernate: insert into vehiculo (id_vehiculo, cilindraje, placa, tipo_vehiculo) values (null, ?, ?, ?)
Hibernate: update movimiento_parqueadero set estado=?, fecha_ingreso=?, fecha_retiro=?, valor_cobrado=?, id_vehiculo=? where id_movimiento_parqueadero=?
Hibernate: select movimiento0_.id_movimiento_parqueadero as id_movim1_0_, movimiento0_.estado as estado2_0_, movimiento0_.fecha_ingreso as fecha_in3_0_, movimiento0_.fecha_retiro as fecha_re4_0_, movimiento0_.valor_cobrado as valor_co5_0_, movimiento0_.id_vehiculo as id_vehic6_0_ from movimiento_parqueadero movimiento0_ cross join vehiculo vehiculoen1_ where movimiento0_.id_vehiculo=vehiculoen1_.id_vehiculo and vehiculoen1_.placa=? and movimiento0_.estado='RETIRADO'
Hibernate: select vehiculoen0_.id_vehiculo as id_vehic1_1_0_, vehiculoen0_.cilindraje as cilindra2_1_0_, vehiculoen0_.placa as placa3_1_0_, vehiculoen0_.tipo_vehiculo as tipo_veh4_1_0_ from vehiculo vehiculoen0_ where vehiculoen0_.id_vehiculo=?
Hibernate: select movimiento0_.id_movimiento_parqueadero as id_movim1_0_, movimiento0_.estado as estado2_0_, movimiento0_.fecha_ingreso as fecha_in3_0_, movimiento0_.fecha_retiro as fecha_re4_0_, movimiento0_.valor_cobrado as valor_co5_0_, movimiento0_.id_vehiculo as id_vehic6_0_ from movimiento_parqueadero movimiento0_ cross join vehiculo vehiculoen1_ where movimiento0_.id_vehiculo=vehiculoen1_.id_vehiculo and vehiculoen1_.placa=? and movimiento0_.estado='INGRESADO'
Hibernate: select movimiento0_.id_movimiento_parqueadero as id_movim1_0_, movimiento0_.estado as estado2_0_, movimiento0_.fecha_ingreso as fecha_in3_0_, movimiento0_.fecha_retiro as fecha_re4_0_, movimiento0_.valor_cobrado as valor_co5_0_, movimiento0_.id_vehiculo as id_vehic6_0_ from movimiento_parqueadero movimiento0_ cross join vehiculo vehiculoen1_ where movimiento0_.id_vehiculo=vehiculoen1_.id_vehiculo and vehiculoen1_.placa=? and movimiento0_.estado='INGRESADO'
Hibernate: select count(movimiento0_.id_movimiento_parqueadero) as col_0_0_ from movimiento_parqueadero movimiento0_ cross join vehiculo vehiculoen1_ where movimiento0_.id_vehiculo=vehiculoen1_.id_vehiculo and vehiculoen1_.tipo_vehiculo=?
Hibernate: insert into vehiculo (id_vehiculo, cilindraje, placa, tipo_vehiculo) values (null, ?, ?, ?)
Hibernate: insert into movimiento_parqueadero (id_movimiento_parqueadero, estado, fecha_ingreso, fecha_retiro, valor_cobrado, id_vehiculo) values (null, ?, ?, ?, ?, ?)
Hibernate: select movimiento0_.id_movimiento_parqueadero as id_movim1_0_, movimiento0_.estado as estado2_0_, movimiento0_.fecha_ingreso as fecha_in3_0_, movimiento0_.fecha_retiro as fecha_re4_0_, movimiento0_.valor_cobrado as valor_co5_0_, movimiento0_.id_vehiculo as id_vehic6_0_ from movimiento_parqueadero movimiento0_ cross join vehiculo vehiculoen1_ where movimiento0_.id_vehiculo=vehiculoen1_.id_vehiculo and vehiculoen1_.placa=? and movimiento0_.estado='INGRESADO'
Hibernate: select vehiculoen0_.id_vehiculo as id_vehic1_1_0_, vehiculoen0_.cilindraje as cilindra2_1_0_, vehiculoen0_.placa as placa3_1_0_, vehiculoen0_.tipo_vehiculo as tipo_veh4_1_0_ from vehiculo vehiculoen0_ where vehiculoen0_.id_vehiculo=?
Hibernate: select movimiento0_.id_movimiento_parqueadero as id_movim1_0_, movimiento0_.estado as estado2_0_, movimiento0_.fecha_ingreso as fecha_in3_0_, movimiento0_.fecha_retiro as fecha_re4_0_, movimiento0_.valor_cobrado as valor_co5_0_, movimiento0_.id_vehiculo as id_vehic6_0_ from movimiento_parqueadero movimiento0_ cross join vehiculo vehiculoen1_ where movimiento0_.id_vehiculo=vehiculoen1_.id_vehiculo and vehiculoen1_.placa=? and movimiento0_.estado='INGRESADO'
Hibernate: select count(movimiento0_.id_movimiento_parqueadero) as col_0_0_ from movimiento_parqueadero movimiento0_ cross join vehiculo vehiculoen1_ where movimiento0_.id_vehiculo=vehiculoen1_.id_vehiculo and vehiculoen1_.tipo_vehiculo=?
Hibernate: insert into vehiculo (id_vehiculo, cilindraje, placa, tipo_vehiculo) values (null, ?, ?, ?)
Hibernate: insert into movimiento_parqueadero (id_movimiento_parqueadero, estado, fecha_ingreso, fecha_retiro, valor_cobrado, id_vehiculo) values (null, ?, ?, ?, ?, ?)
Hibernate: select movimiento0_.id_movimiento_parqueadero as id_movim1_0_, movimiento0_.estado as estado2_0_, movimiento0_.fecha_ingreso as fecha_in3_0_, movimiento0_.fecha_retiro as fecha_re4_0_, movimiento0_.valor_cobrado as valor_co5_0_, movimiento0_.id_vehiculo as id_vehic6_0_ from movimiento_parqueadero movimiento0_ cross join vehiculo vehiculoen1_ where movimiento0_.id_vehiculo=vehiculoen1_.id_vehiculo and vehiculoen1_.placa=? and movimiento0_.estado='INGRESADO'
Hibernate: select vehiculoen0_.id_vehiculo as id_vehic1_1_0_, vehiculoen0_.cilindraje as cilindra2_1_0_, vehiculoen0_.placa as placa3_1_0_, vehiculoen0_.tipo_vehiculo as tipo_veh4_1_0_ from vehiculo vehiculoen0_ where vehiculoen0_.id_vehiculo=?
Hibernate: select movimiento0_.id_movimiento_parqueadero as id_movim1_0_, movimiento0_.estado as estado2_0_, movimiento0_.fecha_ingreso as fecha_in3_0_, movimiento0_.fecha_retiro as fecha_re4_0_, movimiento0_.valor_cobrado as valor_co5_0_, movimiento0_.id_vehiculo as id_vehic6_0_ from movimiento_parqueadero movimiento0_ cross join vehiculo vehiculoen1_ where movimiento0_.id_vehiculo=vehiculoen1_.id_vehiculo and vehiculoen1_.placa=? and movimiento0_.estado='INGRESADO'
Hibernate: select count(movimiento0_.id_movimiento_parqueadero) as col_0_0_ from movimiento_parqueadero movimiento0_ cross join vehiculo vehiculoen1_ where movimiento0_.id_vehiculo=vehiculoen1_.id_vehiculo and vehiculoen1_.tipo_vehiculo=?
Hibernate: insert into vehiculo (id_vehiculo, cilindraje, placa, tipo_vehiculo) values (null, ?, ?, ?)
Hibernate: insert into movimiento_parqueadero (id_movimiento_parqueadero, estado, fecha_ingreso, fecha_retiro, valor_cobrado, id_vehiculo) values (null, ?, ?, ?, ?, ?)
Hibernate: select movimiento0_.id_movimiento_parqueadero as id_movim1_0_, movimiento0_.estado as estado2_0_, movimiento0_.fecha_ingreso as fecha_in3_0_, movimiento0_.fecha_retiro as fecha_re4_0_, movimiento0_.valor_cobrado as valor_co5_0_, movimiento0_.id_vehiculo as id_vehic6_0_ from movimiento_parqueadero movimiento0_ cross join vehiculo vehiculoen1_ where movimiento0_.id_vehiculo=vehiculoen1_.id_vehiculo and vehiculoen1_.placa=? and movimiento0_.estado='INGRESADO'
Hibernate: select vehiculoen0_.id_vehiculo as id_vehic1_1_0_, vehiculoen0_.cilindraje as cilindra2_1_0_, vehiculoen0_.placa as placa3_1_0_, vehiculoen0_.tipo_vehiculo as tipo_veh4_1_0_ from vehiculo vehiculoen0_ where vehiculoen0_.id_vehiculo=?
Hibernate: select movimiento0_.id_movimiento_parqueadero as id_movim1_0_, movimiento0_.estado as estado2_0_, movimiento0_.fecha_ingreso as fecha_in3_0_, movimiento0_.fecha_retiro as fecha_re4_0_, movimiento0_.valor_cobrado as valor_co5_0_, movimiento0_.id_vehiculo as id_vehic6_0_ from movimiento_parqueadero movimiento0_ cross join vehiculo vehiculoen1_ where movimiento0_.id_vehiculo=vehiculoen1_.id_vehiculo and vehiculoen1_.placa=? and movimiento0_.estado='INGRESADO'
Hibernate: select count(movimiento0_.id_movimiento_parqueadero) as col_0_0_ from movimiento_parqueadero movimiento0_ cross join vehiculo vehiculoen1_ where movimiento0_.id_vehiculo=vehiculoen1_.id_vehiculo and vehiculoen1_.tipo_vehiculo=?
Hibernate: insert into vehiculo (id_vehiculo, cilindraje, placa, tipo_vehiculo) values (null, ?, ?, ?)
Hibernate: insert into movimiento_parqueadero (id_movimiento_parqueadero, estado, fecha_ingreso, fecha_retiro, valor_cobrado, id_vehiculo) values (null, ?, ?, ?, ?, ?)
Hibernate: select movimiento0_.id_movimiento_parqueadero as id_movim1_0_, movimiento0_.estado as estado2_0_, movimiento0_.fecha_ingreso as fecha_in3_0_, movimiento0_.fecha_retiro as fecha_re4_0_, movimiento0_.valor_cobrado as valor_co5_0_, movimiento0_.id_vehiculo as id_vehic6_0_ from movimiento_parqueadero movimiento0_ cross join vehiculo vehiculoen1_ where movimiento0_.id_vehiculo=vehiculoen1_.id_vehiculo and vehiculoen1_.placa=? and movimiento0_.estado='INGRESADO'
Hibernate: select vehiculoen0_.id_vehiculo as id_vehic1_1_0_, vehiculoen0_.cilindraje as cilindra2_1_0_, vehiculoen0_.placa as placa3_1_0_, vehiculoen0_.tipo_vehiculo as tipo_veh4_1_0_ from vehiculo vehiculoen0_ where vehiculoen0_.id_vehiculo=?
Hibernate: select movimiento0_.id_movimiento_parqueadero as id_movim1_0_1_, movimiento0_.estado as estado2_0_1_, movimiento0_.fecha_ingreso as fecha_in3_0_1_, movimiento0_.fecha_retiro as fecha_re4_0_1_, movimiento0_.valor_cobrado as valor_co5_0_1_, movimiento0_.id_vehiculo as id_vehic6_0_1_, vehiculoen1_.id_vehiculo as id_vehic1_1_0_, vehiculoen1_.cilindraje as cilindra2_1_0_, vehiculoen1_.placa as placa3_1_0_, vehiculoen1_.tipo_vehiculo as tipo_veh4_1_0_ from movimiento_parqueadero movimiento0_ left outer join vehiculo vehiculoen1_ on movimiento0_.id_vehiculo=vehiculoen1_.id_vehiculo where movimiento0_.id_movimiento_parqueadero=?
Hibernate: insert into vehiculo (id_vehiculo, cilindraje, placa, tipo_vehiculo) values (null, ?, ?, ?)
Hibernate: update movimiento_parqueadero set estado=?, fecha_ingreso=?, fecha_retiro=?, valor_cobrado=?, id_vehiculo=? where id_movimiento_parqueadero=?
Hibernate: select movimiento0_.id_movimiento_parqueadero as id_movim1_0_, movimiento0_.estado as estado2_0_, movimiento0_.fecha_ingreso as fecha_in3_0_, movimiento0_.fecha_retiro as fecha_re4_0_, movimiento0_.valor_cobrado as valor_co5_0_, movimiento0_.id_vehiculo as id_vehic6_0_ from movimiento_parqueadero movimiento0_ cross join vehiculo vehiculoen1_ where movimiento0_.id_vehiculo=vehiculoen1_.id_vehiculo and vehiculoen1_.placa=? and movimiento0_.estado='RETIRADO'
Hibernate: select vehiculoen0_.id_vehiculo as id_vehic1_1_0_, vehiculoen0_.cilindraje as cilindra2_1_0_, vehiculoen0_.placa as placa3_1_0_, vehiculoen0_.tipo_vehiculo as tipo_veh4_1_0_ from vehiculo vehiculoen0_ where vehiculoen0_.id_vehiculo=?
Hibernate: select movimiento0_.id_movimiento_parqueadero as id_movim1_0_, movimiento0_.estado as estado2_0_, movimiento0_.fecha_ingreso as fecha_in3_0_, movimiento0_.fecha_retiro as fecha_re4_0_, movimiento0_.valor_cobrado as valor_co5_0_, movimiento0_.id_vehiculo as id_vehic6_0_ from movimiento_parqueadero movimiento0_ cross join vehiculo vehiculoen1_ where movimiento0_.id_vehiculo=vehiculoen1_.id_vehiculo and vehiculoen1_.placa=? and movimiento0_.estado='INGRESADO'
]]></system-out>
	<system-err><![CDATA[]]>
	</system-err>
</testsuite>
