<?xml version="1.0" encoding="UTF-8"?>
<testsuite name="com.ceiba.parqueadero069.unitarias.VigilanteParqueaderoTest" tests="6" skipped="0" failures="0" errors="0" timestamp="2018-05-15T02:25:30" hostname="JUAN-QUINONES" time="1.205">
  <properties/>
  <testcase name="verificarNoDisponibilidadMasDe20CarrosJP" classname="com.ceiba.parqueadero069.unitarias.VigilanteParqueaderoTest" time="1.172"/>
  <testcase name="verificarNoDisponibilidadMotoPlacaIniciaConAEnDiasDistintosLunesDomingo" classname="com.ceiba.parqueadero069.unitarias.VigilanteParqueaderoTest" time="0.005"/>
  <testcase name="verificarNoDisponibilidadMasDe10Motos_" classname="com.ceiba.parqueadero069.unitarias.VigilanteParqueaderoTest" time="0.005"/>
  <testcase name="verificarNoDisponibilidadMasDe10Motos" classname="com.ceiba.parqueadero069.unitarias.VigilanteParqueaderoTest" time="0.005"/>
  <testcase name="verificarNoDisponibilidadCarroPlacaIniciaConAEnDiasDistintosLunesDomingo" classname="com.ceiba.parqueadero069.unitarias.VigilanteParqueaderoTest" time="0.005"/>
  <testcase name="verificarNoDisponibilidadMasDe20Carros" classname="com.ceiba.parqueadero069.unitarias.VigilanteParqueaderoTest" time="0.004"/>
  <system-out><![CDATA[2018-05-14 21:25:30.322  INFO 1656 --- [    Test worker] .b.t.c.SpringBootTestContextBootstrapper : Neither @ContextConfiguration nor @ContextHierarchy found for test class [com.ceiba.parqueadero069.unitarias.VigilanteParqueaderoTest], using SpringBootContextLoader
2018-05-14 21:25:30.323  INFO 1656 --- [    Test worker] o.s.t.c.support.AbstractContextLoader    : Could not detect default resource locations for test class [com.ceiba.parqueadero069.unitarias.VigilanteParqueaderoTest]: no resource found for suffixes {-context.xml, Context.groovy}.
2018-05-14 21:25:30.324  INFO 1656 --- [    Test worker] t.c.s.AnnotationConfigContextLoaderUtils : Could not detect default configuration classes for test class [com.ceiba.parqueadero069.unitarias.VigilanteParqueaderoTest]: VigilanteParqueaderoTest does not declare any static, non-private, non-final, nested classes annotated with @Configuration.
2018-05-14 21:25:30.342  INFO 1656 --- [    Test worker] .b.t.c.SpringBootTestContextBootstrapper : Found @SpringBootConfiguration com.ceiba.parqueadero069.Parqueadero0699Application for test class com.ceiba.parqueadero069.unitarias.VigilanteParqueaderoTest
2018-05-14 21:25:30.347  INFO 1656 --- [    Test worker] .b.t.c.SpringBootTestContextBootstrapper : Loaded default TestExecutionListener class names from location [META-INF/spring.factories]: [org.springframework.boot.test.autoconfigure.restdocs.RestDocsTestExecutionListener, org.springframework.boot.test.autoconfigure.web.client.MockRestServiceServerResetTestExecutionListener, org.springframework.boot.test.autoconfigure.web.servlet.MockMvcPrintOnlyOnFailureTestExecutionListener, org.springframework.boot.test.autoconfigure.web.servlet.WebDriverTestExecutionListener, org.springframework.boot.test.mock.mockito.MockitoTestExecutionListener, org.springframework.boot.test.mock.mockito.ResetMocksTestExecutionListener, org.springframework.test.context.web.ServletTestExecutionListener, org.springframework.test.context.support.DirtiesContextBeforeModesTestExecutionListener, org.springframework.test.context.support.DependencyInjectionTestExecutionListener, org.springframework.test.context.support.DirtiesContextTestExecutionListener, org.springframework.test.context.transaction.TransactionalTestExecutionListener, org.springframework.test.context.jdbc.SqlScriptsTestExecutionListener]
2018-05-14 21:25:30.348  INFO 1656 --- [    Test worker] .b.t.c.SpringBootTestContextBootstrapper : Using TestExecutionListeners: [org.springframework.test.context.web.ServletTestExecutionListener@671994f, org.springframework.test.context.support.DirtiesContextBeforeModesTestExecutionListener@1a9d9f7, org.springframework.boot.test.mock.mockito.MockitoTestExecutionListener@554af617, org.springframework.boot.test.autoconfigure.SpringBootDependencyInjectionTestExecutionListener@6bfb425d, org.springframework.test.context.support.DirtiesContextTestExecutionListener@61ca058c, org.springframework.test.context.transaction.TransactionalTestExecutionListener@2e630e23, org.springframework.test.context.jdbc.SqlScriptsTestExecutionListener@2c1bafb6, org.springframework.boot.test.autoconfigure.restdocs.RestDocsTestExecutionListener@1dc3e9c2, org.springframework.boot.test.autoconfigure.web.client.MockRestServiceServerResetTestExecutionListener@2c146993, org.springframework.boot.test.autoconfigure.web.servlet.MockMvcPrintOnlyOnFailureTestExecutionListener@1ab06824, org.springframework.boot.test.autoconfigure.web.servlet.WebDriverTestExecutionListener@6b2702db, org.springframework.boot.test.mock.mockito.ResetMocksTestExecutionListener@69a87b84]
]]></system-out>
  <system-err><![CDATA[]]></system-err>
</testsuite>
