<?xml version="1.0" encoding="UTF-8"?>
<testsuite name="com.ceiba.parqueadero069.unitarias.VigilanteParqueaderoTest" tests="6" skipped="0" failures="0" errors="0" timestamp="2018-05-15T02:39:51" hostname="JUAN-QUINONES" time="0.848">
  <properties/>
  <testcase name="verificarNoDisponibilidadMasDe20CarrosJP" classname="com.ceiba.parqueadero069.unitarias.VigilanteParqueaderoTest" time="0.817"/>
  <testcase name="verificarNoDisponibilidadMotoPlacaIniciaConAEnDiasDistintosLunesDomingo" classname="com.ceiba.parqueadero069.unitarias.VigilanteParqueaderoTest" time="0.005"/>
  <testcase name="verificarNoDisponibilidadMasDe10Motos_" classname="com.ceiba.parqueadero069.unitarias.VigilanteParqueaderoTest" time="0.005"/>
  <testcase name="verificarNoDisponibilidadMasDe10Motos" classname="com.ceiba.parqueadero069.unitarias.VigilanteParqueaderoTest" time="0.005"/>
  <testcase name="verificarNoDisponibilidadCarroPlacaIniciaConAEnDiasDistintosLunesDomingo" classname="com.ceiba.parqueadero069.unitarias.VigilanteParqueaderoTest" time="0.004"/>
  <testcase name="verificarNoDisponibilidadMasDe20Carros" classname="com.ceiba.parqueadero069.unitarias.VigilanteParqueaderoTest" time="0.005"/>
  <system-out><![CDATA[2018-05-14 21:39:51.831  INFO 2932 --- [    Test worker] .b.t.c.SpringBootTestContextBootstrapper : Neither @ContextConfiguration nor @ContextHierarchy found for test class [com.ceiba.parqueadero069.unitarias.VigilanteParqueaderoTest], using SpringBootContextLoader
2018-05-14 21:39:51.834  INFO 2932 --- [    Test worker] o.s.t.c.support.AbstractContextLoader    : Could not detect default resource locations for test class [com.ceiba.parqueadero069.unitarias.VigilanteParqueaderoTest]: no resource found for suffixes {-context.xml, Context.groovy}.
2018-05-14 21:39:51.834  INFO 2932 --- [    Test worker] t.c.s.AnnotationConfigContextLoaderUtils : Could not detect default configuration classes for test class [com.ceiba.parqueadero069.unitarias.VigilanteParqueaderoTest]: VigilanteParqueaderoTest does not declare any static, non-private, non-final, nested classes annotated with @Configuration.
2018-05-14 21:39:51.849  INFO 2932 --- [    Test worker] .b.t.c.SpringBootTestContextBootstrapper : Found @SpringBootConfiguration com.ceiba.parqueadero069.Parqueadero0699Application for test class com.ceiba.parqueadero069.unitarias.VigilanteParqueaderoTest
2018-05-14 21:39:51.852  INFO 2932 --- [    Test worker] .b.t.c.SpringBootTestContextBootstrapper : Loaded default TestExecutionListener class names from location [META-INF/spring.factories]: [org.springframework.boot.test.autoconfigure.restdocs.RestDocsTestExecutionListener, org.springframework.boot.test.autoconfigure.web.client.MockRestServiceServerResetTestExecutionListener, org.springframework.boot.test.autoconfigure.web.servlet.MockMvcPrintOnlyOnFailureTestExecutionListener, org.springframework.boot.test.autoconfigure.web.servlet.WebDriverTestExecutionListener, org.springframework.boot.test.mock.mockito.MockitoTestExecutionListener, org.springframework.boot.test.mock.mockito.ResetMocksTestExecutionListener, org.springframework.test.context.web.ServletTestExecutionListener, org.springframework.test.context.support.DirtiesContextBeforeModesTestExecutionListener, org.springframework.test.context.support.DependencyInjectionTestExecutionListener, org.springframework.test.context.support.DirtiesContextTestExecutionListener, org.springframework.test.context.transaction.TransactionalTestExecutionListener, org.springframework.test.context.jdbc.SqlScriptsTestExecutionListener]
2018-05-14 21:39:51.853  INFO 2932 --- [    Test worker] .b.t.c.SpringBootTestContextBootstrapper : Using TestExecutionListeners: [org.springframework.test.context.web.ServletTestExecutionListener@77aab55f, org.springframework.test.context.support.DirtiesContextBeforeModesTestExecutionListener@292407e1, org.springframework.boot.test.mock.mockito.MockitoTestExecutionListener@d69664c, org.springframework.boot.test.autoconfigure.SpringBootDependencyInjectionTestExecutionListener@745907e, org.springframework.test.context.support.DirtiesContextTestExecutionListener@25e7cd84, org.springframework.test.context.transaction.TransactionalTestExecutionListener@2cf5ddd6, org.springframework.test.context.jdbc.SqlScriptsTestExecutionListener@6a688502, org.springframework.boot.test.autoconfigure.restdocs.RestDocsTestExecutionListener@41053e51, org.springframework.boot.test.autoconfigure.web.client.MockRestServiceServerResetTestExecutionListener@5a955018, org.springframework.boot.test.autoconfigure.web.servlet.MockMvcPrintOnlyOnFailureTestExecutionListener@580c2df1, org.springframework.boot.test.autoconfigure.web.servlet.WebDriverTestExecutionListener@76e2e367, org.springframework.boot.test.mock.mockito.ResetMocksTestExecutionListener@1e7dac5c]
]]></system-out>
  <system-err><![CDATA[]]></system-err>
</testsuite>
