<?xml version="1.0" encoding="UTF-8"?>
<testsuite
	name="com.ceiba.parqueadero069.unitarias.VigilanteParqueaderoTest"
	tests="6" skipped="0" failures="0" errors="0"
	timestamp="2018-05-16T14:33:03" hostname="JUAN-QUINONES" time="1.449">
	<properties />
	<testcase name="verificarNoDisponibilidadMasDe20CarrosJP"
		classname="com.ceiba.parqueadero069.unitarias.VigilanteParqueaderoTest"
		time="1.4" />
	<testcase
		name="verificarNoDisponibilidadMotoPlacaIniciaConAEnDiasDistintosLunesDomingo"
		classname="com.ceiba.parqueadero069.unitarias.VigilanteParqueaderoTest"
		time="0.007" />
	<testcase name="verificarNoDisponibilidadMasDe10Motos_"
		classname="com.ceiba.parqueadero069.unitarias.VigilanteParqueaderoTest"
		time="0.006" />
	<testcase name="verificarNoDisponibilidadMasDe10Motos"
		classname="com.ceiba.parqueadero069.unitarias.VigilanteParqueaderoTest"
		time="0.007" />
	<testcase
		name="verificarNoDisponibilidadCarroPlacaIniciaConAEnDiasDistintosLunesDomingo"
		classname="com.ceiba.parqueadero069.unitarias.VigilanteParqueaderoTest"
		time="0.011" />
	<testcase name="verificarNoDisponibilidadMasDe20Carros"
		classname="com.ceiba.parqueadero069.unitarias.VigilanteParqueaderoTest"
		time="0.008" />
	<system-out><![CDATA[2018-05-16 09:33:03.657  INFO 8200 --- [    Test worker] .b.t.c.SpringBootTestContextBootstrapper : Neither @ContextConfiguration nor @ContextHierarchy found for test class [com.ceiba.parqueadero069.unitarias.VigilanteParqueaderoTest], using SpringBootContextLoader
2018-05-16 09:33:03.659  INFO 8200 --- [    Test worker] o.s.t.c.support.AbstractContextLoader    : Could not detect default resource locations for test class [com.ceiba.parqueadero069.unitarias.VigilanteParqueaderoTest]: no resource found for suffixes {-context.xml, Context.groovy}.
2018-05-16 09:33:03.660  INFO 8200 --- [    Test worker] t.c.s.AnnotationConfigContextLoaderUtils : Could not detect default configuration classes for test class [com.ceiba.parqueadero069.unitarias.VigilanteParqueaderoTest]: VigilanteParqueaderoTest does not declare any static, non-private, non-final, nested classes annotated with @Configuration.
2018-05-16 09:33:03.675  INFO 8200 --- [    Test worker] .b.t.c.SpringBootTestContextBootstrapper : Found @SpringBootConfiguration com.ceiba.parqueadero069.Parqueadero0699Application for test class com.ceiba.parqueadero069.unitarias.VigilanteParqueaderoTest
2018-05-16 09:33:03.679  INFO 8200 --- [    Test worker] .b.t.c.SpringBootTestContextBootstrapper : Loaded default TestExecutionListener class names from location [META-INF/spring.factories]: [org.springframework.boot.test.autoconfigure.restdocs.RestDocsTestExecutionListener, org.springframework.boot.test.autoconfigure.web.client.MockRestServiceServerResetTestExecutionListener, org.springframework.boot.test.autoconfigure.web.servlet.MockMvcPrintOnlyOnFailureTestExecutionListener, org.springframework.boot.test.autoconfigure.web.servlet.WebDriverTestExecutionListener, org.springframework.boot.test.mock.mockito.MockitoTestExecutionListener, org.springframework.boot.test.mock.mockito.ResetMocksTestExecutionListener, org.springframework.test.context.web.ServletTestExecutionListener, org.springframework.test.context.support.DirtiesContextBeforeModesTestExecutionListener, org.springframework.test.context.support.DependencyInjectionTestExecutionListener, org.springframework.test.context.support.DirtiesContextTestExecutionListener, org.springframework.test.context.transaction.TransactionalTestExecutionListener, org.springframework.test.context.jdbc.SqlScriptsTestExecutionListener]
2018-05-16 09:33:03.681  INFO 8200 --- [    Test worker] .b.t.c.SpringBootTestContextBootstrapper : Using TestExecutionListeners: [org.springframework.test.context.web.ServletTestExecutionListener@7fe501bb, org.springframework.test.context.support.DirtiesContextBeforeModesTestExecutionListener@5faa8d9c, org.springframework.boot.test.mock.mockito.MockitoTestExecutionListener@7459fb28, org.springframework.boot.test.autoconfigure.SpringBootDependencyInjectionTestExecutionListener@11d5cb5e, org.springframework.test.context.support.DirtiesContextTestExecutionListener@466ae806, org.springframework.test.context.transaction.TransactionalTestExecutionListener@4d275b3a, org.springframework.test.context.jdbc.SqlScriptsTestExecutionListener@761c690d, org.springframework.boot.test.autoconfigure.restdocs.RestDocsTestExecutionListener@49acc3ab, org.springframework.boot.test.autoconfigure.web.client.MockRestServiceServerResetTestExecutionListener@58172840, org.springframework.boot.test.autoconfigure.web.servlet.MockMvcPrintOnlyOnFailureTestExecutionListener@2f9e56f3, org.springframework.boot.test.autoconfigure.web.servlet.WebDriverTestExecutionListener@3adf060c, org.springframework.boot.test.mock.mockito.ResetMocksTestExecutionListener@15c12b67]
]]></system-out>
	<system-err><![CDATA[]]>
	</system-err>
</testsuite>
